<?xml version="1.0" encoding="UTF-8"?>
<testsuite xmlns:xsi="http://www.w3.org/2001/XMLSchema-instance" xsi:noNamespaceSchemaLocation="https://maven.apache.org/surefire/maven-surefire-plugin/xsd/surefire-test-report-3.0.xsd" version="3.0" name="com.oxyl.coursepfback.service.PlanteServiceTest" time="0.434" tests="45" errors="0" skipped="0" failures="0">
  <properties>
    <property name="java.specification.version" value="21"/>
    <property name="sun.cpu.isalist" value="amd64"/>
    <property name="sun.jnu.encoding" value="Cp1252"/>
    <property name="java.class.path" value="D:\Document\Etude sup\4A\JAVA\projet_pvz_fonctionnel\projet_pvz\target\test-classes;D:\Document\Etude sup\4A\JAVA\projet_pvz_fonctionnel\projet_pvz\target\classes;C:\Users\melin\.m2\repository\org\springframework\spring-webmvc\6.2.2\spring-webmvc-6.2.2.jar;C:\Users\melin\.m2\repository\org\springframework\spring-aop\6.2.2\spring-aop-6.2.2.jar;C:\Users\melin\.m2\repository\org\springframework\spring-beans\6.2.2\spring-beans-6.2.2.jar;C:\Users\melin\.m2\repository\org\springframework\spring-context\6.2.2\spring-context-6.2.2.jar;C:\Users\melin\.m2\repository\io\micrometer\micrometer-observation\1.14.3\micrometer-observation-1.14.3.jar;C:\Users\melin\.m2\repository\io\micrometer\micrometer-commons\1.14.3\micrometer-commons-1.14.3.jar;C:\Users\melin\.m2\repository\org\springframework\spring-core\6.2.2\spring-core-6.2.2.jar;C:\Users\melin\.m2\repository\org\springframework\spring-jcl\6.2.2\spring-jcl-6.2.2.jar;C:\Users\melin\.m2\repository\org\springframework\spring-expression\6.2.2\spring-expression-6.2.2.jar;C:\Users\melin\.m2\repository\org\springframework\spring-web\6.2.2\spring-web-6.2.2.jar;C:\Users\melin\.m2\repository\org\springframework\spring-jdbc\6.1.13\spring-jdbc-6.1.13.jar;C:\Users\melin\.m2\repository\org\springframework\spring-tx\6.1.13\spring-tx-6.1.13.jar;C:\Users\melin\.m2\repository\com\mysql\mysql-connector-j\8.0.33\mysql-connector-j-8.0.33.jar;C:\Users\melin\.m2\repository\com\google\protobuf\protobuf-java\3.21.9\protobuf-java-3.21.9.jar;C:\Users\melin\.m2\repository\com\fasterxml\jackson\core\jackson-databind\2.18.2\jackson-databind-2.18.2.jar;C:\Users\melin\.m2\repository\com\fasterxml\jackson\core\jackson-annotations\2.18.2\jackson-annotations-2.18.2.jar;C:\Users\melin\.m2\repository\com\fasterxml\jackson\core\jackson-core\2.18.2\jackson-core-2.18.2.jar;C:\Users\melin\.m2\repository\jakarta\servlet\jakarta.servlet-api\6.1.0\jakarta.servlet-api-6.1.0.jar;C:\Users\melin\.m2\repository\ch\qos\logback\logback-classic\1.5.16\logback-classic-1.5.16.jar;C:\Users\melin\.m2\repository\ch\qos\logback\logback-core\1.5.16\logback-core-1.5.16.jar;C:\Users\melin\.m2\repository\org\slf4j\slf4j-api\2.0.16\slf4j-api-2.0.16.jar;C:\Users\melin\.m2\repository\org\junit\jupiter\junit-jupiter\5.10.1\junit-jupiter-5.10.1.jar;C:\Users\melin\.m2\repository\org\junit\jupiter\junit-jupiter-api\5.10.1\junit-jupiter-api-5.10.1.jar;C:\Users\melin\.m2\repository\org\opentest4j\opentest4j\1.3.0\opentest4j-1.3.0.jar;C:\Users\melin\.m2\repository\org\junit\platform\junit-platform-commons\1.10.1\junit-platform-commons-1.10.1.jar;C:\Users\melin\.m2\repository\org\apiguardian\apiguardian-api\1.1.2\apiguardian-api-1.1.2.jar;C:\Users\melin\.m2\repository\org\junit\jupiter\junit-jupiter-params\5.10.1\junit-jupiter-params-5.10.1.jar;C:\Users\melin\.m2\repository\org\junit\jupiter\junit-jupiter-engine\5.10.1\junit-jupiter-engine-5.10.1.jar;C:\Users\melin\.m2\repository\org\junit\platform\junit-platform-engine\1.10.1\junit-platform-engine-1.10.1.jar;C:\Users\melin\.m2\repository\org\mockito\mockito-core\5.7.0\mockito-core-5.7.0.jar;C:\Users\melin\.m2\repository\net\bytebuddy\byte-buddy\1.14.9\byte-buddy-1.14.9.jar;C:\Users\melin\.m2\repository\net\bytebuddy\byte-buddy-agent\1.14.9\byte-buddy-agent-1.14.9.jar;C:\Users\melin\.m2\repository\org\objenesis\objenesis\3.3\objenesis-3.3.jar;C:\Users\melin\.m2\repository\org\mockito\mockito-junit-jupiter\5.7.0\mockito-junit-jupiter-5.7.0.jar;"/>
    <property name="java.vm.vendor" value="Oracle Corporation"/>
    <property name="sun.arch.data.model" value="64"/>
    <property name="user.variant" value=""/>
    <property name="java.vendor.url" value="https://java.oracle.com/"/>
    <property name="user.timezone" value="Europe/Paris"/>
    <property name="os.name" value="Windows 11"/>
    <property name="java.vm.specification.version" value="21"/>
    <property name="sun.java.launcher" value="SUN_STANDARD"/>
    <property name="user.country" value="FR"/>
    <property name="sun.boot.library.path" value="C:\Program Files\Java\jdk-21\bin"/>
    <property name="sun.java.command" value="C:\Users\melin\AppData\Local\Temp\surefire7173082785409840119\surefirebooter-20250427150930829_3.jar C:\Users\melin\AppData\Local\Temp\surefire7173082785409840119 2025-04-27T15-09-30_616-jvmRun1 surefire-20250427150930829_1tmp surefire_0-20250427150930829_2tmp"/>
    <property name="jdk.debug" value="release"/>
    <property name="surefire.test.class.path" value="D:\Document\Etude sup\4A\JAVA\projet_pvz_fonctionnel\projet_pvz\target\test-classes;D:\Document\Etude sup\4A\JAVA\projet_pvz_fonctionnel\projet_pvz\target\classes;C:\Users\melin\.m2\repository\org\springframework\spring-webmvc\6.2.2\spring-webmvc-6.2.2.jar;C:\Users\melin\.m2\repository\org\springframework\spring-aop\6.2.2\spring-aop-6.2.2.jar;C:\Users\melin\.m2\repository\org\springframework\spring-beans\6.2.2\spring-beans-6.2.2.jar;C:\Users\melin\.m2\repository\org\springframework\spring-context\6.2.2\spring-context-6.2.2.jar;C:\Users\melin\.m2\repository\io\micrometer\micrometer-observation\1.14.3\micrometer-observation-1.14.3.jar;C:\Users\melin\.m2\repository\io\micrometer\micrometer-commons\1.14.3\micrometer-commons-1.14.3.jar;C:\Users\melin\.m2\repository\org\springframework\spring-core\6.2.2\spring-core-6.2.2.jar;C:\Users\melin\.m2\repository\org\springframework\spring-jcl\6.2.2\spring-jcl-6.2.2.jar;C:\Users\melin\.m2\repository\org\springframework\spring-expression\6.2.2\spring-expression-6.2.2.jar;C:\Users\melin\.m2\repository\org\springframework\spring-web\6.2.2\spring-web-6.2.2.jar;C:\Users\melin\.m2\repository\org\springframework\spring-jdbc\6.1.13\spring-jdbc-6.1.13.jar;C:\Users\melin\.m2\repository\org\springframework\spring-tx\6.1.13\spring-tx-6.1.13.jar;C:\Users\melin\.m2\repository\com\mysql\mysql-connector-j\8.0.33\mysql-connector-j-8.0.33.jar;C:\Users\melin\.m2\repository\com\google\protobuf\protobuf-java\3.21.9\protobuf-java-3.21.9.jar;C:\Users\melin\.m2\repository\com\fasterxml\jackson\core\jackson-databind\2.18.2\jackson-databind-2.18.2.jar;C:\Users\melin\.m2\repository\com\fasterxml\jackson\core\jackson-annotations\2.18.2\jackson-annotations-2.18.2.jar;C:\Users\melin\.m2\repository\com\fasterxml\jackson\core\jackson-core\2.18.2\jackson-core-2.18.2.jar;C:\Users\melin\.m2\repository\jakarta\servlet\jakarta.servlet-api\6.1.0\jakarta.servlet-api-6.1.0.jar;C:\Users\melin\.m2\repository\ch\qos\logback\logback-classic\1.5.16\logback-classic-1.5.16.jar;C:\Users\melin\.m2\repository\ch\qos\logback\logback-core\1.5.16\logback-core-1.5.16.jar;C:\Users\melin\.m2\repository\org\slf4j\slf4j-api\2.0.16\slf4j-api-2.0.16.jar;C:\Users\melin\.m2\repository\org\junit\jupiter\junit-jupiter\5.10.1\junit-jupiter-5.10.1.jar;C:\Users\melin\.m2\repository\org\junit\jupiter\junit-jupiter-api\5.10.1\junit-jupiter-api-5.10.1.jar;C:\Users\melin\.m2\repository\org\opentest4j\opentest4j\1.3.0\opentest4j-1.3.0.jar;C:\Users\melin\.m2\repository\org\junit\platform\junit-platform-commons\1.10.1\junit-platform-commons-1.10.1.jar;C:\Users\melin\.m2\repository\org\apiguardian\apiguardian-api\1.1.2\apiguardian-api-1.1.2.jar;C:\Users\melin\.m2\repository\org\junit\jupiter\junit-jupiter-params\5.10.1\junit-jupiter-params-5.10.1.jar;C:\Users\melin\.m2\repository\org\junit\jupiter\junit-jupiter-engine\5.10.1\junit-jupiter-engine-5.10.1.jar;C:\Users\melin\.m2\repository\org\junit\platform\junit-platform-engine\1.10.1\junit-platform-engine-1.10.1.jar;C:\Users\melin\.m2\repository\org\mockito\mockito-core\5.7.0\mockito-core-5.7.0.jar;C:\Users\melin\.m2\repository\net\bytebuddy\byte-buddy\1.14.9\byte-buddy-1.14.9.jar;C:\Users\melin\.m2\repository\net\bytebuddy\byte-buddy-agent\1.14.9\byte-buddy-agent-1.14.9.jar;C:\Users\melin\.m2\repository\org\objenesis\objenesis\3.3\objenesis-3.3.jar;C:\Users\melin\.m2\repository\org\mockito\mockito-junit-jupiter\5.7.0\mockito-junit-jupiter-5.7.0.jar;"/>
    <property name="sun.cpu.endian" value="little"/>
    <property name="user.home" value="C:\Users\melin"/>
    <property name="user.language" value="fr"/>
    <property name="java.specification.vendor" value="Oracle Corporation"/>
    <property name="java.version.date" value="2024-04-16"/>
    <property name="java.home" value="C:\Program Files\Java\jdk-21"/>
    <property name="file.separator" value="\"/>
    <property name="basedir" value="D:\Document\Etude sup\4A\JAVA\projet_pvz_fonctionnel\projet_pvz"/>
    <property name="java.vm.compressedOopsMode" value="32-bit"/>
    <property name="line.separator" value="&#10;"/>
    <property name="java.vm.specification.vendor" value="Oracle Corporation"/>
    <property name="java.specification.name" value="Java Platform API Specification"/>
    <property name="surefire.real.class.path" value="C:\Users\melin\AppData\Local\Temp\surefire7173082785409840119\surefirebooter-20250427150930829_3.jar"/>
    <property name="user.script" value=""/>
    <property name="sun.management.compiler" value="HotSpot 64-Bit Tiered Compilers"/>
    <property name="java.runtime.version" value="21.0.3+7-LTS-152"/>
    <property name="user.name" value="melin"/>
    <property name="stdout.encoding" value="Cp1252"/>
    <property name="path.separator" value=";"/>
    <property name="os.version" value="10.0"/>
    <property name="java.runtime.name" value="Java(TM) SE Runtime Environment"/>
    <property name="file.encoding" value="UTF-8"/>
    <property name="java.vm.name" value="Java HotSpot(TM) 64-Bit Server VM"/>
    <property name="localRepository" value="C:\Users\melin\.m2\repository"/>
    <property name="java.vendor.url.bug" value="https://bugreport.java.com/bugreport/"/>
    <property name="java.io.tmpdir" value="C:\Users\melin\AppData\Local\Temp\"/>
    <property name="java.version" value="21.0.3"/>
    <property name="user.dir" value="D:\Document\Etude sup\4A\JAVA\projet_pvz_fonctionnel\projet_pvz"/>
    <property name="os.arch" value="amd64"/>
    <property name="java.vm.specification.name" value="Java Virtual Machine Specification"/>
    <property name="sun.os.patch.level" value=""/>
    <property name="native.encoding" value="Cp1252"/>
    <property name="java.library.path" value="C:\Program Files\Java\jdk-21\bin;C:\WINDOWS\Sun\Java\bin;C:\WINDOWS\system32;C:\WINDOWS;C:\Program Files\Python313\Scripts\;C:\Program Files\Python313\;C:\Program Files\Common Files\Oracle\Java\javapath;C:\WINDOWS\system32;C:\WINDOWS;C:\WINDOWS\System32\Wbem;C:\WINDOWS\System32\WindowsPowerShell\v1.0\;C:\WINDOWS\System32\OpenSSH\;C:\Program Files\Git\cmd;C:\ProgramData\ComposerSetup\bin;C:\Program Files\apache-tomcat-10.1.36\apache-tomcat-10.1.36\bin;D:\bin;C:\Users\melin\AppData\Local\nvm;C:\nvm4w\nodejs;C:\Program Files\nodejs\node.exe;C:\Program Files\nodejs\;D:\Applications min\symfony-cli_windows_amd64;C:\Program Files\MAMP\bin\php\php8.3.1;C:\Program Files\Docker\Docker\resources\bin;C:\Program Files\dotnet\;C:\Python;C:\Program Files\apache-maven-3.9.9\bin;C:\Users\melin\AppData\Local\Programs\Python\Launcher\;C:\Users\melin\AppData\Local\Microsoft\WindowsApps;C:\Users\melin\AppData\Local\Programs\Microsoft VS Code\bin;C:\Users\melin\OneDrive\Documents\IntelliJ IDEA 2024.3.2.1\bin;;C:\Program Files\Java\jdk-21\bin;C:\Program Files\MySQL\MySQL Server 8.0\bin;C:\Program Files\apache-maven-3.9.9\bin;C:\Users\melin\AppData\Roaming\Composer\vendor\bin;C:\Users\melin\go\bin;C:\Users\melin\AppData\Local\nvm;C:\nvm4w\nodejs;C:\Users\melin\AppData\Roaming\npm;C:\Program Files\nodejs\node.exe;C:\nvm4w\nodejs;C:\ProgramData\cursor\resources\app\bin;."/>
    <property name="java.vm.info" value="mixed mode, sharing"/>
    <property name="stderr.encoding" value="Cp1252"/>
    <property name="java.vendor" value="Oracle Corporation"/>
    <property name="java.vm.version" value="21.0.3+7-LTS-152"/>
    <property name="sun.io.unicode.encoding" value="UnicodeLittle"/>
    <property name="java.class.version" value="65.0"/>
  </properties>
  <testcase name="updatePlante_withNullValues_shouldKeepExistingValues" classname="com.oxyl.coursepfback.service.PlanteServiceTest" time="0.05">
    <system-out><![CDATA[15:09:36.210 [main] INFO com.oxyl.coursepfback.service.PlanteService -- Plante mise à jour avec succès: com.oxyl.coursepfback.model.PlanteModel@6f231ced
]]></system-out>
  </testcase>
  <testcase name="updatePlante_withInvalidAttaqueParSeconde_shouldThrowValidationException" classname="com.oxyl.coursepfback.service.PlanteServiceTest" time="0.0">
    <system-out><![CDATA[15:09:36.227 [main] ERROR com.oxyl.coursepfback.service.PlanteService -- Tentative de mise à jour d'une plante avec une attaque par seconde invalide: -1.0
]]></system-out>
  </testcase>
  <testcase name="getAllPlantes_shouldReturnList" classname="com.oxyl.coursepfback.service.PlanteServiceTest" time="0.009">
    <system-out><![CDATA[15:09:36.236 [main] DEBUG com.oxyl.coursepfback.service.PlanteService -- Récupération de toutes les plantes
15:09:36.236 [main] DEBUG com.oxyl.coursepfback.service.PlanteService -- 1 plantes trouvées
]]></system-out>
  </testcase>
  <testcase name="getPlante_withNonExistentId_shouldThrowNotFoundException" classname="com.oxyl.coursepfback.service.PlanteServiceTest" time="0.008">
    <system-out><![CDATA[15:09:36.244 [main] DEBUG com.oxyl.coursepfback.service.PlanteService -- Récupération de la plante avec l'id: 1
15:09:36.244 [main] ERROR com.oxyl.coursepfback.service.PlanteService -- Plante non trouvée avec l'id: 1
]]></system-out>
  </testcase>
  <testcase name="createPlante_withMaxDegatAttaque_shouldSucceed" classname="com.oxyl.coursepfback.service.PlanteServiceTest" time="0.0">
    <system-out><![CDATA[15:09:36.244 [main] DEBUG com.oxyl.coursepfback.service.PlanteService -- Création d'une nouvelle plante: com.oxyl.coursepfback.model.PlanteModel@38e7ed69
15:09:36.244 [main] INFO com.oxyl.coursepfback.service.PlanteService -- Plante créée avec succès: com.oxyl.coursepfback.model.PlanteModel@38e7ed69
]]></system-out>
  </testcase>
  <testcase name="updatePlante_withInvalidDegatAttaque_shouldThrowValidationException" classname="com.oxyl.coursepfback.service.PlanteServiceTest" time="0.017">
    <system-out><![CDATA[15:09:36.260 [main] ERROR com.oxyl.coursepfback.service.PlanteService -- Tentative de mise à jour d'une plante avec des dégâts d'attaque invalides: -10
]]></system-out>
  </testcase>
  <testcase name="updatePlante_withEmptyCheminImage_shouldThrowValidationException" classname="com.oxyl.coursepfback.service.PlanteServiceTest" time="0.015">
    <system-out><![CDATA[15:09:36.273 [main] ERROR com.oxyl.coursepfback.service.PlanteService -- Tentative de mise à jour d'une plante avec un chemin d'image vide
]]></system-out>
  </testcase>
  <testcase name="updatePlante_withNullPlante_shouldThrowValidationException" classname="com.oxyl.coursepfback.service.PlanteServiceTest" time="0.019">
    <system-out><![CDATA[15:09:36.295 [main] ERROR com.oxyl.coursepfback.service.PlanteService -- Tentative de mise à jour d'une plante null
]]></system-out>
  </testcase>
  <testcase name="createPlante_withZeroDegatAttaque_shouldSucceed" classname="com.oxyl.coursepfback.service.PlanteServiceTest" time="0.002">
    <system-out><![CDATA[15:09:36.301 [main] DEBUG com.oxyl.coursepfback.service.PlanteService -- Création d'une nouvelle plante: com.oxyl.coursepfback.model.PlanteModel@3b48e183
15:09:36.301 [main] INFO com.oxyl.coursepfback.service.PlanteService -- Plante créée avec succès: com.oxyl.coursepfback.model.PlanteModel@3b48e183
]]></system-out>
  </testcase>
  <testcase name="createPlante_withInvalidSoleilParSeconde_shouldThrowValidationException" classname="com.oxyl.coursepfback.service.PlanteServiceTest" time="0.011">
    <system-out><![CDATA[15:09:36.310 [main] DEBUG com.oxyl.coursepfback.service.PlanteService -- Création d'une nouvelle plante: com.oxyl.coursepfback.model.PlanteModel@17461db
15:09:36.310 [main] ERROR com.oxyl.coursepfback.service.PlanteService -- Tentative de création d'une plante avec un soleil par seconde négatif: -1.0
]]></system-out>
  </testcase>
  <testcase name="updatePlante_withEmptyValues_shouldThrowValidationException" classname="com.oxyl.coursepfback.service.PlanteServiceTest" time="0.024">
    <system-out><![CDATA[15:09:36.330 [main] ERROR com.oxyl.coursepfback.service.PlanteService -- Tentative de mise à jour d'une plante avec un nom vide
15:09:36.336 [main] ERROR com.oxyl.coursepfback.service.PlanteService -- Tentative de mise à jour d'une plante avec un effet vide
15:09:36.336 [main] ERROR com.oxyl.coursepfback.service.PlanteService -- Tentative de mise à jour d'une plante avec un chemin d'image vide
]]></system-out>
  </testcase>
  <testcase name="createPlante_withNullCheminImage_shouldThrowValidationException" classname="com.oxyl.coursepfback.service.PlanteServiceTest" time="0.008">
    <system-out><![CDATA[15:09:36.344 [main] DEBUG com.oxyl.coursepfback.service.PlanteService -- Création d'une nouvelle plante: com.oxyl.coursepfback.model.PlanteModel@1dbd580
15:09:36.344 [main] ERROR com.oxyl.coursepfback.service.PlanteService -- Tentative de création d'une plante avec un chemin d'image vide
]]></system-out>
  </testcase>
  <testcase name="createPlante_withEmptyEffet_shouldThrowValidationException" classname="com.oxyl.coursepfback.service.PlanteServiceTest" time="0.018">
    <system-out><![CDATA[15:09:36.344 [main] DEBUG com.oxyl.coursepfback.service.PlanteService -- Création d'une nouvelle plante: com.oxyl.coursepfback.model.PlanteModel@4c86da0c
15:09:36.344 [main] ERROR com.oxyl.coursepfback.service.PlanteService -- Tentative de création d'une plante avec un effet vide
]]></system-out>
  </testcase>
  <testcase name="createPlante_withEmptyNom_shouldThrowValidationException" classname="com.oxyl.coursepfback.service.PlanteServiceTest" time="0.015">
    <system-out><![CDATA[15:09:36.377 [main] DEBUG com.oxyl.coursepfback.service.PlanteService -- Création d'une nouvelle plante: com.oxyl.coursepfback.model.PlanteModel@5ec5ea63
15:09:36.377 [main] ERROR com.oxyl.coursepfback.service.PlanteService -- Tentative de création d'une plante avec un nom vide
]]></system-out>
  </testcase>
  <testcase name="deletePlante_shouldSucceed" classname="com.oxyl.coursepfback.service.PlanteServiceTest" time="0.016">
    <system-out><![CDATA[15:09:36.377 [main] DEBUG com.oxyl.coursepfback.service.PlanteService -- Suppression de la plante avec l'id: 1
15:09:36.377 [main] INFO com.oxyl.coursepfback.service.PlanteService -- Plante supprimée avec succès: com.oxyl.coursepfback.model.PlanteModel@69d45cca
]]></system-out>
  </testcase>
  <testcase name="updatePlante_withNegativeValues_shouldThrowValidationException" classname="com.oxyl.coursepfback.service.PlanteServiceTest" time="0.0">
    <system-out><![CDATA[15:09:36.394 [main] ERROR com.oxyl.coursepfback.service.PlanteService -- Tentative de mise à jour d'une plante avec des points de vie invalides: -1
15:09:36.394 [main] ERROR com.oxyl.coursepfback.service.PlanteService -- Tentative de mise à jour d'une plante avec une attaque par seconde invalide: -1.0
15:09:36.394 [main] ERROR com.oxyl.coursepfback.service.PlanteService -- Tentative de mise à jour d'une plante avec des dégâts d'attaque invalides: -10
15:09:36.394 [main] ERROR com.oxyl.coursepfback.service.PlanteService -- Tentative de mise à jour d'une plante avec un coût invalide
15:09:36.394 [main] ERROR com.oxyl.coursepfback.service.PlanteService -- Tentative de mise à jour d'une plante avec un soleil par seconde invalide
]]></system-out>
  </testcase>
  <testcase name="createPlante_withNullNom_shouldThrowValidationException" classname="com.oxyl.coursepfback.service.PlanteServiceTest" time="0.019">
    <system-out><![CDATA[15:09:36.413 [main] DEBUG com.oxyl.coursepfback.service.PlanteService -- Création d'une nouvelle plante: com.oxyl.coursepfback.model.PlanteModel@5e1dde44
15:09:36.413 [main] ERROR com.oxyl.coursepfback.service.PlanteService -- Tentative de création d'une plante avec un nom vide
]]></system-out>
  </testcase>
  <testcase name="createPlante_withNegativeValues_shouldThrowValidationException" classname="com.oxyl.coursepfback.service.PlanteServiceTest" time="0.0">
    <system-out><![CDATA[15:09:36.413 [main] DEBUG com.oxyl.coursepfback.service.PlanteService -- Création d'une nouvelle plante: com.oxyl.coursepfback.model.PlanteModel@503df2d0
15:09:36.413 [main] ERROR com.oxyl.coursepfback.service.PlanteService -- Tentative de création d'une plante avec des points de vie négatifs: -1
15:09:36.413 [main] DEBUG com.oxyl.coursepfback.service.PlanteService -- Création d'une nouvelle plante: com.oxyl.coursepfback.model.PlanteModel@503df2d0
15:09:36.413 [main] ERROR com.oxyl.coursepfback.service.PlanteService -- Tentative de création d'une plante avec une attaque par seconde négative: -1.0
15:09:36.413 [main] DEBUG com.oxyl.coursepfback.service.PlanteService -- Création d'une nouvelle plante: com.oxyl.coursepfback.model.PlanteModel@503df2d0
15:09:36.413 [main] ERROR com.oxyl.coursepfback.service.PlanteService -- Tentative de création d'une plante avec des dégâts d'attaque négatifs: -10
15:09:36.413 [main] DEBUG com.oxyl.coursepfback.service.PlanteService -- Création d'une nouvelle plante: com.oxyl.coursepfback.model.PlanteModel@503df2d0
15:09:36.413 [main] ERROR com.oxyl.coursepfback.service.PlanteService -- Tentative de création d'une plante avec un coût négatif: -50
15:09:36.413 [main] DEBUG com.oxyl.coursepfback.service.PlanteService -- Création d'une nouvelle plante: com.oxyl.coursepfback.model.PlanteModel@503df2d0
15:09:36.413 [main] ERROR com.oxyl.coursepfback.service.PlanteService -- Tentative de création d'une plante avec un soleil par seconde négatif: -1.0
]]></system-out>
  </testcase>
  <testcase name="updatePlante_withInvalidCout_shouldThrowValidationException" classname="com.oxyl.coursepfback.service.PlanteServiceTest" time="0.0">
    <system-out><![CDATA[15:09:36.427 [main] ERROR com.oxyl.coursepfback.service.PlanteService -- Tentative de mise à jour d'une plante avec un coût invalide
]]></system-out>
  </testcase>
  <testcase name="createPlante_withMaxPointsDeVie_shouldSucceed" classname="com.oxyl.coursepfback.service.PlanteServiceTest" time="0.009">
    <system-out><![CDATA[15:09:36.436 [main] DEBUG com.oxyl.coursepfback.service.PlanteService -- Création d'une nouvelle plante: com.oxyl.coursepfback.model.PlanteModel@78e17a99
15:09:36.436 [main] INFO com.oxyl.coursepfback.service.PlanteService -- Plante créée avec succès: com.oxyl.coursepfback.model.PlanteModel@78e17a99
]]></system-out>
  </testcase>
  <testcase name="updatePlante_withZeroDegatAttaque_shouldSucceed" classname="com.oxyl.coursepfback.service.PlanteServiceTest" time="0.007">
    <system-out><![CDATA[15:09:36.443 [main] INFO com.oxyl.coursepfback.service.PlanteService -- Plante mise à jour avec succès: com.oxyl.coursepfback.model.PlanteModel@41853299
]]></system-out>
  </testcase>
  <testcase name="createPlante_withInvalidCout_shouldThrowValidationException" classname="com.oxyl.coursepfback.service.PlanteServiceTest" time="0.0">
    <system-out><![CDATA[15:09:36.443 [main] DEBUG com.oxyl.coursepfback.service.PlanteService -- Création d'une nouvelle plante: com.oxyl.coursepfback.model.PlanteModel@fe7b6b0
15:09:36.443 [main] ERROR com.oxyl.coursepfback.service.PlanteService -- Tentative de création d'une plante avec un coût négatif: -50
]]></system-out>
  </testcase>
  <testcase name="createPlante_withNullEffet_shouldThrowValidationException" classname="com.oxyl.coursepfback.service.PlanteServiceTest" time="0.0">
    <system-out><![CDATA[15:09:36.443 [main] DEBUG com.oxyl.coursepfback.service.PlanteService -- Création d'une nouvelle plante: com.oxyl.coursepfback.model.PlanteModel@306f6f1d
15:09:36.443 [main] ERROR com.oxyl.coursepfback.service.PlanteService -- Tentative de création d'une plante avec un effet vide
]]></system-out>
  </testcase>
  <testcase name="getPlante_shouldReturnPlante" classname="com.oxyl.coursepfback.service.PlanteServiceTest" time="0.0">
    <system-out><![CDATA[15:09:36.443 [main] DEBUG com.oxyl.coursepfback.service.PlanteService -- Récupération de la plante avec l'id: 1
15:09:36.443 [main] DEBUG com.oxyl.coursepfback.service.PlanteService -- Plante trouvée: com.oxyl.coursepfback.model.PlanteModel@7da39774
]]></system-out>
  </testcase>
  <testcase name="updatePlante_withNullCheminImage_shouldSucceed" classname="com.oxyl.coursepfback.service.PlanteServiceTest" time="0.006">
    <system-out><![CDATA[15:09:36.466 [main] INFO com.oxyl.coursepfback.service.PlanteService -- Plante mise à jour avec succès: com.oxyl.coursepfback.model.PlanteModel@2aaf152b
]]></system-out>
  </testcase>
  <testcase name="createPlante_withNullPlante_shouldThrowValidationException" classname="com.oxyl.coursepfback.service.PlanteServiceTest" time="0.003">
    <system-out><![CDATA[15:09:36.470 [main] DEBUG com.oxyl.coursepfback.service.PlanteService -- Création d'une nouvelle plante: null
15:09:36.470 [main] ERROR com.oxyl.coursepfback.service.PlanteService -- Tentative de création d'une plante null
]]></system-out>
  </testcase>
  <testcase name="updatePlante_withNullEffet_shouldSucceed" classname="com.oxyl.coursepfback.service.PlanteServiceTest" time="0.005">
    <system-out><![CDATA[15:09:36.477 [main] INFO com.oxyl.coursepfback.service.PlanteService -- Plante mise à jour avec succès: com.oxyl.coursepfback.model.PlanteModel@3e4e4c1
]]></system-out>
  </testcase>
  <testcase name="createPlante_withMaxCout_shouldSucceed" classname="com.oxyl.coursepfback.service.PlanteServiceTest" time="0.0">
    <system-out><![CDATA[15:09:36.477 [main] DEBUG com.oxyl.coursepfback.service.PlanteService -- Création d'une nouvelle plante: com.oxyl.coursepfback.model.PlanteModel@65ddee5a
15:09:36.477 [main] INFO com.oxyl.coursepfback.service.PlanteService -- Plante créée avec succès: com.oxyl.coursepfback.model.PlanteModel@65ddee5a
]]></system-out>
  </testcase>
  <testcase name="getAllPlantes_withEmptyList_shouldReturnEmptyList" classname="com.oxyl.coursepfback.service.PlanteServiceTest" time="0.017">
    <system-out><![CDATA[15:09:36.494 [main] DEBUG com.oxyl.coursepfback.service.PlanteService -- Récupération de toutes les plantes
15:09:36.494 [main] DEBUG com.oxyl.coursepfback.service.PlanteService -- 0 plantes trouvées
]]></system-out>
  </testcase>
  <testcase name="updatePlante_withNullNom_shouldSucceed" classname="com.oxyl.coursepfback.service.PlanteServiceTest" time="0.0">
    <system-out><![CDATA[15:09:36.494 [main] INFO com.oxyl.coursepfback.service.PlanteService -- Plante mise à jour avec succès: com.oxyl.coursepfback.model.PlanteModel@ef60710
]]></system-out>
  </testcase>
  <testcase name="updatePlante_withInvalidSoleilParSeconde_shouldThrowValidationException" classname="com.oxyl.coursepfback.service.PlanteServiceTest" time="0.017">
    <system-out><![CDATA[15:09:36.509 [main] ERROR com.oxyl.coursepfback.service.PlanteService -- Tentative de mise à jour d'une plante avec un soleil par seconde invalide
]]></system-out>
  </testcase>
  <testcase name="updatePlante_withPartialUpdate_shouldUpdateOnlySpecifiedFields" classname="com.oxyl.coursepfback.service.PlanteServiceTest" time="0.0">
    <system-out><![CDATA[15:09:36.514 [main] INFO com.oxyl.coursepfback.service.PlanteService -- Plante mise à jour avec succès: com.oxyl.coursepfback.model.PlanteModel@169268a7
]]></system-out>
  </testcase>
  <testcase name="createPlante_withInvalidDegatAttaque_shouldThrowValidationException" classname="com.oxyl.coursepfback.service.PlanteServiceTest" time="0.012">
    <system-out><![CDATA[15:09:36.514 [main] DEBUG com.oxyl.coursepfback.service.PlanteService -- Création d'une nouvelle plante: com.oxyl.coursepfback.model.PlanteModel@326d27ac
15:09:36.514 [main] ERROR com.oxyl.coursepfback.service.PlanteService -- Tentative de création d'une plante avec des dégâts d'attaque négatifs: -10
]]></system-out>
  </testcase>
  <testcase name="updatePlante_withEmptyEffet_shouldThrowValidationException" classname="com.oxyl.coursepfback.service.PlanteServiceTest" time="0.005">
    <system-out><![CDATA[15:09:36.531 [main] ERROR com.oxyl.coursepfback.service.PlanteService -- Tentative de mise à jour d'une plante avec un effet vide
]]></system-out>
  </testcase>
  <testcase name="createPlante_withMaxAttaqueParSeconde_shouldSucceed" classname="com.oxyl.coursepfback.service.PlanteServiceTest" time="0.003">
    <system-out><![CDATA[15:09:36.536 [main] DEBUG com.oxyl.coursepfback.service.PlanteService -- Création d'une nouvelle plante: com.oxyl.coursepfback.model.PlanteModel@404db674
15:09:36.536 [main] INFO com.oxyl.coursepfback.service.PlanteService -- Plante créée avec succès: com.oxyl.coursepfback.model.PlanteModel@404db674
]]></system-out>
  </testcase>
  <testcase name="deletePlante_withNullId_shouldThrowValidationException" classname="com.oxyl.coursepfback.service.PlanteServiceTest" time="0.008">
    <system-out><![CDATA[15:09:36.536 [main] DEBUG com.oxyl.coursepfback.service.PlanteService -- Suppression de la plante avec l'id: null
15:09:36.536 [main] ERROR com.oxyl.coursepfback.service.PlanteService -- Tentative de suppression d'une plante avec un id null
]]></system-out>
  </testcase>
  <testcase name="createPlante_withMaxSoleilParSeconde_shouldSucceed" classname="com.oxyl.coursepfback.service.PlanteServiceTest" time="0.004">
    <system-out><![CDATA[15:09:36.547 [main] DEBUG com.oxyl.coursepfback.service.PlanteService -- Création d'une nouvelle plante: com.oxyl.coursepfback.model.PlanteModel@65d8dff8
15:09:36.548 [main] INFO com.oxyl.coursepfback.service.PlanteService -- Plante créée avec succès: com.oxyl.coursepfback.model.PlanteModel@65d8dff8
]]></system-out>
  </testcase>
  <testcase name="updatePlante_withEmptyNom_shouldThrowValidationException" classname="com.oxyl.coursepfback.service.PlanteServiceTest" time="0.003">
    <system-out><![CDATA[15:09:36.552 [main] ERROR com.oxyl.coursepfback.service.PlanteService -- Tentative de mise à jour d'une plante avec un nom vide
]]></system-out>
  </testcase>
  <testcase name="createPlante_withInvalidAttaqueParSeconde_shouldThrowValidationException" classname="com.oxyl.coursepfback.service.PlanteServiceTest" time="0.007">
    <system-out><![CDATA[15:09:36.560 [main] DEBUG com.oxyl.coursepfback.service.PlanteService -- Création d'une nouvelle plante: com.oxyl.coursepfback.model.PlanteModel@380e1909
15:09:36.560 [main] ERROR com.oxyl.coursepfback.service.PlanteService -- Tentative de création d'une plante avec une attaque par seconde négative: -1.0
]]></system-out>
  </testcase>
  <testcase name="createPlante_shouldSucceed" classname="com.oxyl.coursepfback.service.PlanteServiceTest" time="0.0">
    <system-out><![CDATA[15:09:36.563 [main] DEBUG com.oxyl.coursepfback.service.PlanteService -- Création d'une nouvelle plante: com.oxyl.coursepfback.model.PlanteModel@10db6131
15:09:36.563 [main] INFO com.oxyl.coursepfback.service.PlanteService -- Plante créée avec succès: com.oxyl.coursepfback.model.PlanteModel@10db6131
]]></system-out>
  </testcase>
  <testcase name="getPlante_withNullId_shouldThrowValidationException" classname="com.oxyl.coursepfback.service.PlanteServiceTest" time="0.0">
    <system-out><![CDATA[15:09:36.563 [main] DEBUG com.oxyl.coursepfback.service.PlanteService -- Récupération de la plante avec l'id: null
15:09:36.563 [main] ERROR com.oxyl.coursepfback.service.PlanteService -- Tentative de récupération d'une plante avec un id null
]]></system-out>
  </testcase>
  <testcase name="updatePlante_withNonExistentId_shouldThrowNotFoundException" classname="com.oxyl.coursepfback.service.PlanteServiceTest" time="0.014">
    <system-out><![CDATA[15:09:36.576 [main] ERROR com.oxyl.coursepfback.service.PlanteService -- Tentative de mise à jour d'une plante inexistante avec l'id: 1
]]></system-out>
  </testcase>
  <testcase name="deletePlante_withNonExistentId_shouldThrowNotFoundException" classname="com.oxyl.coursepfback.service.PlanteServiceTest" time="0.0">
    <system-out><![CDATA[15:09:36.577 [main] DEBUG com.oxyl.coursepfback.service.PlanteService -- Suppression de la plante avec l'id: 1
15:09:36.577 [main] ERROR com.oxyl.coursepfback.service.PlanteService -- Tentative de suppression d'une plante inexistante avec l'id: 1
]]></system-out>
  </testcase>
  <testcase name="createPlante_withInvalidPointsDeVie_shouldThrowValidationException" classname="com.oxyl.coursepfback.service.PlanteServiceTest" time="0.0">
    <system-out><![CDATA[15:09:36.577 [main] DEBUG com.oxyl.coursepfback.service.PlanteService -- Création d'une nouvelle plante: com.oxyl.coursepfback.model.PlanteModel@4ba6ec50
15:09:36.577 [main] ERROR com.oxyl.coursepfback.service.PlanteService -- Tentative de création d'une plante avec des points de vie négatifs: -1
]]></system-out>
  </testcase>
  <testcase name="updatePlante_shouldSucceed" classname="com.oxyl.coursepfback.service.PlanteServiceTest" time="0.016">
    <system-out><![CDATA[15:09:36.592 [main] INFO com.oxyl.coursepfback.service.PlanteService -- Plante mise à jour avec succès: com.oxyl.coursepfback.model.PlanteModel@7b66322e
]]></system-out>
  </testcase>
</testsuite>