<?xml version="1.0" encoding="UTF-8"?>
<testsuite xmlns:xsi="http://www.w3.org/2001/XMLSchema-instance" xsi:noNamespaceSchemaLocation="https://maven.apache.org/surefire/maven-surefire-plugin/xsd/surefire-test-report-3.0.xsd" version="3.0" name="com.oxyl.coursepfback.service.MapServiceTest" time="0.283" tests="32" errors="0" skipped="0" failures="0">
  <properties>
    <property name="java.specification.version" value="21"/>
    <property name="sun.cpu.isalist" value="amd64"/>
    <property name="sun.jnu.encoding" value="Cp1252"/>
    <property name="java.class.path" value="D:\Document\Etude sup\4A\JAVA\projet_pvz_fonctionnel\projet_pvz\target\test-classes;D:\Document\Etude sup\4A\JAVA\projet_pvz_fonctionnel\projet_pvz\target\classes;C:\Users\melin\.m2\repository\org\springframework\spring-webmvc\6.2.2\spring-webmvc-6.2.2.jar;C:\Users\melin\.m2\repository\org\springframework\spring-aop\6.2.2\spring-aop-6.2.2.jar;C:\Users\melin\.m2\repository\org\springframework\spring-beans\6.2.2\spring-beans-6.2.2.jar;C:\Users\melin\.m2\repository\org\springframework\spring-context\6.2.2\spring-context-6.2.2.jar;C:\Users\melin\.m2\repository\io\micrometer\micrometer-observation\1.14.3\micrometer-observation-1.14.3.jar;C:\Users\melin\.m2\repository\io\micrometer\micrometer-commons\1.14.3\micrometer-commons-1.14.3.jar;C:\Users\melin\.m2\repository\org\springframework\spring-core\6.2.2\spring-core-6.2.2.jar;C:\Users\melin\.m2\repository\org\springframework\spring-jcl\6.2.2\spring-jcl-6.2.2.jar;C:\Users\melin\.m2\repository\org\springframework\spring-expression\6.2.2\spring-expression-6.2.2.jar;C:\Users\melin\.m2\repository\org\springframework\spring-web\6.2.2\spring-web-6.2.2.jar;C:\Users\melin\.m2\repository\org\springframework\spring-jdbc\6.1.13\spring-jdbc-6.1.13.jar;C:\Users\melin\.m2\repository\org\springframework\spring-tx\6.1.13\spring-tx-6.1.13.jar;C:\Users\melin\.m2\repository\com\mysql\mysql-connector-j\8.0.33\mysql-connector-j-8.0.33.jar;C:\Users\melin\.m2\repository\com\google\protobuf\protobuf-java\3.21.9\protobuf-java-3.21.9.jar;C:\Users\melin\.m2\repository\com\fasterxml\jackson\core\jackson-databind\2.18.2\jackson-databind-2.18.2.jar;C:\Users\melin\.m2\repository\com\fasterxml\jackson\core\jackson-annotations\2.18.2\jackson-annotations-2.18.2.jar;C:\Users\melin\.m2\repository\com\fasterxml\jackson\core\jackson-core\2.18.2\jackson-core-2.18.2.jar;C:\Users\melin\.m2\repository\jakarta\servlet\jakarta.servlet-api\6.1.0\jakarta.servlet-api-6.1.0.jar;C:\Users\melin\.m2\repository\ch\qos\logback\logback-classic\1.5.16\logback-classic-1.5.16.jar;C:\Users\melin\.m2\repository\ch\qos\logback\logback-core\1.5.16\logback-core-1.5.16.jar;C:\Users\melin\.m2\repository\org\slf4j\slf4j-api\2.0.16\slf4j-api-2.0.16.jar;C:\Users\melin\.m2\repository\org\junit\jupiter\junit-jupiter\5.10.1\junit-jupiter-5.10.1.jar;C:\Users\melin\.m2\repository\org\junit\jupiter\junit-jupiter-api\5.10.1\junit-jupiter-api-5.10.1.jar;C:\Users\melin\.m2\repository\org\opentest4j\opentest4j\1.3.0\opentest4j-1.3.0.jar;C:\Users\melin\.m2\repository\org\junit\platform\junit-platform-commons\1.10.1\junit-platform-commons-1.10.1.jar;C:\Users\melin\.m2\repository\org\apiguardian\apiguardian-api\1.1.2\apiguardian-api-1.1.2.jar;C:\Users\melin\.m2\repository\org\junit\jupiter\junit-jupiter-params\5.10.1\junit-jupiter-params-5.10.1.jar;C:\Users\melin\.m2\repository\org\junit\jupiter\junit-jupiter-engine\5.10.1\junit-jupiter-engine-5.10.1.jar;C:\Users\melin\.m2\repository\org\junit\platform\junit-platform-engine\1.10.1\junit-platform-engine-1.10.1.jar;C:\Users\melin\.m2\repository\org\mockito\mockito-core\5.7.0\mockito-core-5.7.0.jar;C:\Users\melin\.m2\repository\net\bytebuddy\byte-buddy\1.14.9\byte-buddy-1.14.9.jar;C:\Users\melin\.m2\repository\net\bytebuddy\byte-buddy-agent\1.14.9\byte-buddy-agent-1.14.9.jar;C:\Users\melin\.m2\repository\org\objenesis\objenesis\3.3\objenesis-3.3.jar;C:\Users\melin\.m2\repository\org\mockito\mockito-junit-jupiter\5.7.0\mockito-junit-jupiter-5.7.0.jar;"/>
    <property name="java.vm.vendor" value="Oracle Corporation"/>
    <property name="sun.arch.data.model" value="64"/>
    <property name="user.variant" value=""/>
    <property name="java.vendor.url" value="https://java.oracle.com/"/>
    <property name="user.timezone" value="Europe/Paris"/>
    <property name="os.name" value="Windows 11"/>
    <property name="java.vm.specification.version" value="21"/>
    <property name="sun.java.launcher" value="SUN_STANDARD"/>
    <property name="user.country" value="FR"/>
    <property name="sun.boot.library.path" value="C:\Program Files\Java\jdk-21\bin"/>
    <property name="sun.java.command" value="C:\Users\melin\AppData\Local\Temp\surefire6708270479247460905\surefirebooter-20250427153137179_3.jar C:\Users\melin\AppData\Local\Temp\surefire6708270479247460905 2025-04-27T15-31-36_945-jvmRun1 surefire-20250427153137179_1tmp surefire_0-20250427153137179_2tmp"/>
    <property name="jdk.debug" value="release"/>
    <property name="surefire.test.class.path" value="D:\Document\Etude sup\4A\JAVA\projet_pvz_fonctionnel\projet_pvz\target\test-classes;D:\Document\Etude sup\4A\JAVA\projet_pvz_fonctionnel\projet_pvz\target\classes;C:\Users\melin\.m2\repository\org\springframework\spring-webmvc\6.2.2\spring-webmvc-6.2.2.jar;C:\Users\melin\.m2\repository\org\springframework\spring-aop\6.2.2\spring-aop-6.2.2.jar;C:\Users\melin\.m2\repository\org\springframework\spring-beans\6.2.2\spring-beans-6.2.2.jar;C:\Users\melin\.m2\repository\org\springframework\spring-context\6.2.2\spring-context-6.2.2.jar;C:\Users\melin\.m2\repository\io\micrometer\micrometer-observation\1.14.3\micrometer-observation-1.14.3.jar;C:\Users\melin\.m2\repository\io\micrometer\micrometer-commons\1.14.3\micrometer-commons-1.14.3.jar;C:\Users\melin\.m2\repository\org\springframework\spring-core\6.2.2\spring-core-6.2.2.jar;C:\Users\melin\.m2\repository\org\springframework\spring-jcl\6.2.2\spring-jcl-6.2.2.jar;C:\Users\melin\.m2\repository\org\springframework\spring-expression\6.2.2\spring-expression-6.2.2.jar;C:\Users\melin\.m2\repository\org\springframework\spring-web\6.2.2\spring-web-6.2.2.jar;C:\Users\melin\.m2\repository\org\springframework\spring-jdbc\6.1.13\spring-jdbc-6.1.13.jar;C:\Users\melin\.m2\repository\org\springframework\spring-tx\6.1.13\spring-tx-6.1.13.jar;C:\Users\melin\.m2\repository\com\mysql\mysql-connector-j\8.0.33\mysql-connector-j-8.0.33.jar;C:\Users\melin\.m2\repository\com\google\protobuf\protobuf-java\3.21.9\protobuf-java-3.21.9.jar;C:\Users\melin\.m2\repository\com\fasterxml\jackson\core\jackson-databind\2.18.2\jackson-databind-2.18.2.jar;C:\Users\melin\.m2\repository\com\fasterxml\jackson\core\jackson-annotations\2.18.2\jackson-annotations-2.18.2.jar;C:\Users\melin\.m2\repository\com\fasterxml\jackson\core\jackson-core\2.18.2\jackson-core-2.18.2.jar;C:\Users\melin\.m2\repository\jakarta\servlet\jakarta.servlet-api\6.1.0\jakarta.servlet-api-6.1.0.jar;C:\Users\melin\.m2\repository\ch\qos\logback\logback-classic\1.5.16\logback-classic-1.5.16.jar;C:\Users\melin\.m2\repository\ch\qos\logback\logback-core\1.5.16\logback-core-1.5.16.jar;C:\Users\melin\.m2\repository\org\slf4j\slf4j-api\2.0.16\slf4j-api-2.0.16.jar;C:\Users\melin\.m2\repository\org\junit\jupiter\junit-jupiter\5.10.1\junit-jupiter-5.10.1.jar;C:\Users\melin\.m2\repository\org\junit\jupiter\junit-jupiter-api\5.10.1\junit-jupiter-api-5.10.1.jar;C:\Users\melin\.m2\repository\org\opentest4j\opentest4j\1.3.0\opentest4j-1.3.0.jar;C:\Users\melin\.m2\repository\org\junit\platform\junit-platform-commons\1.10.1\junit-platform-commons-1.10.1.jar;C:\Users\melin\.m2\repository\org\apiguardian\apiguardian-api\1.1.2\apiguardian-api-1.1.2.jar;C:\Users\melin\.m2\repository\org\junit\jupiter\junit-jupiter-params\5.10.1\junit-jupiter-params-5.10.1.jar;C:\Users\melin\.m2\repository\org\junit\jupiter\junit-jupiter-engine\5.10.1\junit-jupiter-engine-5.10.1.jar;C:\Users\melin\.m2\repository\org\junit\platform\junit-platform-engine\1.10.1\junit-platform-engine-1.10.1.jar;C:\Users\melin\.m2\repository\org\mockito\mockito-core\5.7.0\mockito-core-5.7.0.jar;C:\Users\melin\.m2\repository\net\bytebuddy\byte-buddy\1.14.9\byte-buddy-1.14.9.jar;C:\Users\melin\.m2\repository\net\bytebuddy\byte-buddy-agent\1.14.9\byte-buddy-agent-1.14.9.jar;C:\Users\melin\.m2\repository\org\objenesis\objenesis\3.3\objenesis-3.3.jar;C:\Users\melin\.m2\repository\org\mockito\mockito-junit-jupiter\5.7.0\mockito-junit-jupiter-5.7.0.jar;"/>
    <property name="sun.cpu.endian" value="little"/>
    <property name="user.home" value="C:\Users\melin"/>
    <property name="user.language" value="fr"/>
    <property name="java.specification.vendor" value="Oracle Corporation"/>
    <property name="java.version.date" value="2024-04-16"/>
    <property name="java.home" value="C:\Program Files\Java\jdk-21"/>
    <property name="file.separator" value="\"/>
    <property name="basedir" value="D:\Document\Etude sup\4A\JAVA\projet_pvz_fonctionnel\projet_pvz"/>
    <property name="java.vm.compressedOopsMode" value="32-bit"/>
    <property name="line.separator" value="&#10;"/>
    <property name="java.vm.specification.vendor" value="Oracle Corporation"/>
    <property name="java.specification.name" value="Java Platform API Specification"/>
    <property name="surefire.real.class.path" value="C:\Users\melin\AppData\Local\Temp\surefire6708270479247460905\surefirebooter-20250427153137179_3.jar"/>
    <property name="user.script" value=""/>
    <property name="sun.management.compiler" value="HotSpot 64-Bit Tiered Compilers"/>
    <property name="java.runtime.version" value="21.0.3+7-LTS-152"/>
    <property name="user.name" value="melin"/>
    <property name="stdout.encoding" value="Cp1252"/>
    <property name="path.separator" value=";"/>
    <property name="os.version" value="10.0"/>
    <property name="java.runtime.name" value="Java(TM) SE Runtime Environment"/>
    <property name="file.encoding" value="UTF-8"/>
    <property name="java.vm.name" value="Java HotSpot(TM) 64-Bit Server VM"/>
    <property name="localRepository" value="C:\Users\melin\.m2\repository"/>
    <property name="java.vendor.url.bug" value="https://bugreport.java.com/bugreport/"/>
    <property name="java.io.tmpdir" value="C:\Users\melin\AppData\Local\Temp\"/>
    <property name="java.version" value="21.0.3"/>
    <property name="user.dir" value="D:\Document\Etude sup\4A\JAVA\projet_pvz_fonctionnel\projet_pvz"/>
    <property name="os.arch" value="amd64"/>
    <property name="java.vm.specification.name" value="Java Virtual Machine Specification"/>
    <property name="sun.os.patch.level" value=""/>
    <property name="native.encoding" value="Cp1252"/>
    <property name="java.library.path" value="C:\Program Files\Java\jdk-21\bin;C:\WINDOWS\Sun\Java\bin;C:\WINDOWS\system32;C:\WINDOWS;C:\Program Files\Python313\Scripts\;C:\Program Files\Python313\;C:\Program Files\Common Files\Oracle\Java\javapath;C:\WINDOWS\system32;C:\WINDOWS;C:\WINDOWS\System32\Wbem;C:\WINDOWS\System32\WindowsPowerShell\v1.0\;C:\WINDOWS\System32\OpenSSH\;C:\Program Files\Git\cmd;C:\ProgramData\ComposerSetup\bin;C:\Program Files\apache-tomcat-10.1.36\apache-tomcat-10.1.36\bin;D:\bin;C:\Users\melin\AppData\Local\nvm;C:\nvm4w\nodejs;C:\Program Files\nodejs\node.exe;C:\Program Files\nodejs\;D:\Applications min\symfony-cli_windows_amd64;C:\Program Files\MAMP\bin\php\php8.3.1;C:\Program Files\Docker\Docker\resources\bin;C:\Program Files\dotnet\;C:\Python;C:\Program Files\apache-maven-3.9.9\bin;C:\Users\melin\AppData\Local\Programs\Python\Launcher\;C:\Users\melin\AppData\Local\Microsoft\WindowsApps;C:\Users\melin\AppData\Local\Programs\Microsoft VS Code\bin;C:\Users\melin\OneDrive\Documents\IntelliJ IDEA 2024.3.2.1\bin;;C:\Program Files\Java\jdk-21\bin;C:\Program Files\MySQL\MySQL Server 8.0\bin;C:\Program Files\apache-maven-3.9.9\bin;C:\Users\melin\AppData\Roaming\Composer\vendor\bin;C:\Users\melin\go\bin;C:\Users\melin\AppData\Local\nvm;C:\nvm4w\nodejs;C:\Users\melin\AppData\Roaming\npm;C:\Program Files\nodejs\node.exe;C:\nvm4w\nodejs;C:\ProgramData\cursor\resources\app\bin;."/>
    <property name="java.vm.info" value="mixed mode, sharing"/>
    <property name="stderr.encoding" value="Cp1252"/>
    <property name="java.vendor" value="Oracle Corporation"/>
    <property name="java.vm.version" value="21.0.3+7-LTS-152"/>
    <property name="sun.io.unicode.encoding" value="UnicodeLittle"/>
    <property name="java.class.version" value="65.0"/>
  </properties>
  <testcase name="updateMap_withPartialUpdate_shouldUpdateOnlySpecifiedFields" classname="com.oxyl.coursepfback.service.MapServiceTest" time="0.034">
    <system-out><![CDATA[15:31:42.380 [main] INFO com.oxyl.coursepfback.service.MapService -- Map mise à jour avec succès: com.oxyl.coursepfback.model.MapModel@20d87335
]]></system-out>
  </testcase>
  <testcase name="updateMap_withNullLigne_shouldSucceed" classname="com.oxyl.coursepfback.service.MapServiceTest" time="0.017">
    <system-out><![CDATA[15:31:42.395 [main] INFO com.oxyl.coursepfback.service.MapService -- Map mise à jour avec succès: com.oxyl.coursepfback.model.MapModel@2e1ddc90
]]></system-out>
  </testcase>
  <testcase name="updateMap_shouldSucceed" classname="com.oxyl.coursepfback.service.MapServiceTest" time="0.001">
    <system-out><![CDATA[15:31:42.398 [main] INFO com.oxyl.coursepfback.service.MapService -- Map mise à jour avec succès: com.oxyl.coursepfback.model.MapModel@54db056b
]]></system-out>
  </testcase>
  <testcase name="getMap_withNonExistentId_shouldThrowNotFoundException" classname="com.oxyl.coursepfback.service.MapServiceTest" time="0.015">
    <system-out><![CDATA[15:31:42.398 [main] DEBUG com.oxyl.coursepfback.service.MapService -- Récupération de la map avec l'id: 1
15:31:42.411 [main] ERROR com.oxyl.coursepfback.service.MapService -- Map non trouvée avec l'id: 1
]]></system-out>
  </testcase>
  <testcase name="updateMap_withInvalidDimensions_shouldThrowValidationException" classname="com.oxyl.coursepfback.service.MapServiceTest" time="0.009">
    <system-out><![CDATA[15:31:42.421 [main] ERROR com.oxyl.coursepfback.service.MapService -- Tentative de mise à jour d'une map avec un nombre de lignes invalide: 0
15:31:42.423 [main] ERROR com.oxyl.coursepfback.service.MapService -- Tentative de mise à jour d'une map avec un nombre de colonnes invalide: 0
]]></system-out>
  </testcase>
  <testcase name="updateMap_withInvalidLigne_shouldThrowValidationException" classname="com.oxyl.coursepfback.service.MapServiceTest" time="0.007">
    <system-out><![CDATA[15:31:42.431 [main] ERROR com.oxyl.coursepfback.service.MapService -- Tentative de mise à jour d'une map avec un nombre de lignes invalide: -1
]]></system-out>
  </testcase>
  <testcase name="deleteMap_withZombies_shouldDeleteZombies" classname="com.oxyl.coursepfback.service.MapServiceTest" time="0.006">
    <system-out><![CDATA[15:31:42.439 [main] DEBUG com.oxyl.coursepfback.service.MapService -- Suppression de la map avec l'id: 1
15:31:42.439 [main] INFO com.oxyl.coursepfback.service.MapService -- Map supprimée avec succès: com.oxyl.coursepfback.model.MapModel@78b612c6
]]></system-out>
  </testcase>
  <testcase name="createMap_withInvalidDimensions_shouldThrowValidationException" classname="com.oxyl.coursepfback.service.MapServiceTest" time="0.007">
    <system-out><![CDATA[15:31:42.446 [main] DEBUG com.oxyl.coursepfback.service.MapService -- Création d'une nouvelle map: com.oxyl.coursepfback.model.MapModel@376c7d7d
15:31:42.446 [main] ERROR com.oxyl.coursepfback.service.MapService -- Tentative de création d'une map avec un nombre de lignes négatif: 0
15:31:42.446 [main] DEBUG com.oxyl.coursepfback.service.MapService -- Création d'une nouvelle map: com.oxyl.coursepfback.model.MapModel@376c7d7d
15:31:42.446 [main] ERROR com.oxyl.coursepfback.service.MapService -- Tentative de création d'une map avec un nombre de colonnes négatif: 0
]]></system-out>
  </testcase>
  <testcase name="deleteMap_shouldSucceed" classname="com.oxyl.coursepfback.service.MapServiceTest" time="0.016">
    <system-out><![CDATA[15:31:42.446 [main] DEBUG com.oxyl.coursepfback.service.MapService -- Suppression de la map avec l'id: 1
15:31:42.446 [main] INFO com.oxyl.coursepfback.service.MapService -- Map supprimée avec succès: com.oxyl.coursepfback.model.MapModel@d1d8e1a
]]></system-out>
  </testcase>
  <testcase name="getMap_shouldReturnMap" classname="com.oxyl.coursepfback.service.MapServiceTest" time="0.0">
    <system-out><![CDATA[15:31:42.462 [main] DEBUG com.oxyl.coursepfback.service.MapService -- Récupération de la map avec l'id: 1
15:31:42.462 [main] DEBUG com.oxyl.coursepfback.service.MapService -- Map trouvée: com.oxyl.coursepfback.model.MapModel@43a65cd8
]]></system-out>
  </testcase>
  <testcase name="updateMap_withNonExistentId_shouldThrowNotFoundException" classname="com.oxyl.coursepfback.service.MapServiceTest" time="0.0">
    <system-out><![CDATA[15:31:42.462 [main] ERROR com.oxyl.coursepfback.service.MapService -- Tentative de mise à jour d'une map inexistante avec l'id: 1
]]></system-out>
  </testcase>
  <testcase name="deleteMap_withMultipleZombies_shouldDeleteAllZombies" classname="com.oxyl.coursepfback.service.MapServiceTest" time="0.018">
    <system-out><![CDATA[15:31:42.480 [main] DEBUG com.oxyl.coursepfback.service.MapService -- Suppression de la map avec l'id: 1
15:31:42.480 [main] INFO com.oxyl.coursepfback.service.MapService -- Map supprimée avec succès: com.oxyl.coursepfback.model.MapModel@6a6f6c7e
]]></system-out>
  </testcase>
  <testcase name="updateMap_withInvalidCheminImage_shouldThrowValidationException" classname="com.oxyl.coursepfback.service.MapServiceTest" time="0.0">
    <system-out><![CDATA[15:31:42.480 [main] ERROR com.oxyl.coursepfback.service.MapService -- Tentative de mise à jour d'une map avec un chemin d'image vide
]]></system-out>
  </testcase>
  <testcase name="updateMap_withNullMap_shouldThrowValidationException" classname="com.oxyl.coursepfback.service.MapServiceTest" time="0.006">
    <system-out><![CDATA[15:31:42.500 [main] ERROR com.oxyl.coursepfback.service.MapService -- Tentative de mise à jour d'une map null
]]></system-out>
  </testcase>
  <testcase name="updateMap_withNullColonne_shouldSucceed" classname="com.oxyl.coursepfback.service.MapServiceTest" time="0.01">
    <system-out><![CDATA[15:31:42.512 [main] INFO com.oxyl.coursepfback.service.MapService -- Map mise à jour avec succès: com.oxyl.coursepfback.model.MapModel@2d64c100
]]></system-out>
  </testcase>
  <testcase name="createMap_withNullCheminImage_shouldThrowValidationException" classname="com.oxyl.coursepfback.service.MapServiceTest" time="0.0">
    <system-out><![CDATA[15:31:42.512 [main] DEBUG com.oxyl.coursepfback.service.MapService -- Création d'une nouvelle map: com.oxyl.coursepfback.model.MapModel@79c5460e
15:31:42.512 [main] ERROR com.oxyl.coursepfback.service.MapService -- Tentative de création d'une map avec un chemin d'image vide
]]></system-out>
  </testcase>
  <testcase name="createMap_withMaxLigne_shouldSucceed" classname="com.oxyl.coursepfback.service.MapServiceTest" time="0.0">
    <system-out><![CDATA[15:31:42.512 [main] DEBUG com.oxyl.coursepfback.service.MapService -- Création d'une nouvelle map: com.oxyl.coursepfback.model.MapModel@3bb87d36
15:31:42.512 [main] INFO com.oxyl.coursepfback.service.MapService -- Map créée avec succès: com.oxyl.coursepfback.model.MapModel@3bb87d36
]]></system-out>
  </testcase>
  <testcase name="updateMap_withEmptyCheminImage_shouldThrowValidationException" classname="com.oxyl.coursepfback.service.MapServiceTest" time="0.019">
    <system-out><![CDATA[15:31:42.531 [main] ERROR com.oxyl.coursepfback.service.MapService -- Tentative de mise à jour d'une map avec un chemin d'image vide
]]></system-out>
  </testcase>
  <testcase name="createMap_withEmptyCheminImage_shouldThrowValidationException" classname="com.oxyl.coursepfback.service.MapServiceTest" time="0.008">
    <system-out><![CDATA[15:31:42.531 [main] DEBUG com.oxyl.coursepfback.service.MapService -- Création d'une nouvelle map: com.oxyl.coursepfback.model.MapModel@51d719bc
15:31:42.531 [main] ERROR com.oxyl.coursepfback.service.MapService -- Tentative de création d'une map avec un chemin d'image vide
]]></system-out>
  </testcase>
  <testcase name="deleteMap_withNonExistentId_shouldThrowNotFoundException" classname="com.oxyl.coursepfback.service.MapServiceTest" time="0.007">
    <system-out><![CDATA[15:31:42.546 [main] DEBUG com.oxyl.coursepfback.service.MapService -- Suppression de la map avec l'id: 1
15:31:42.546 [main] ERROR com.oxyl.coursepfback.service.MapService -- Tentative de suppression d'une map inexistante avec l'id: 1
]]></system-out>
  </testcase>
  <testcase name="createMap_withMaxColonne_shouldSucceed" classname="com.oxyl.coursepfback.service.MapServiceTest" time="0.0">
    <system-out><![CDATA[15:31:42.546 [main] DEBUG com.oxyl.coursepfback.service.MapService -- Création d'une nouvelle map: com.oxyl.coursepfback.model.MapModel@41dc0598
15:31:42.546 [main] INFO com.oxyl.coursepfback.service.MapService -- Map créée avec succès: com.oxyl.coursepfback.model.MapModel@41dc0598
]]></system-out>
  </testcase>
  <testcase name="getMap_withNullId_shouldThrowValidationException" classname="com.oxyl.coursepfback.service.MapServiceTest" time="0.001">
    <system-out><![CDATA[15:31:42.562 [main] DEBUG com.oxyl.coursepfback.service.MapService -- Récupération de la map avec l'id: null
15:31:42.562 [main] ERROR com.oxyl.coursepfback.service.MapService -- Tentative de récupération d'une map avec un id null
]]></system-out>
  </testcase>
  <testcase name="getAllMaps_withEmptyList_shouldReturnEmptyList" classname="com.oxyl.coursepfback.service.MapServiceTest" time="0.0">
    <system-out><![CDATA[15:31:42.562 [main] DEBUG com.oxyl.coursepfback.service.MapService -- Récupération de toutes les maps
15:31:42.562 [main] DEBUG com.oxyl.coursepfback.service.MapService -- 0 maps trouvées
]]></system-out>
  </testcase>
  <testcase name="updateMap_withInvalidColonne_shouldThrowValidationException" classname="com.oxyl.coursepfback.service.MapServiceTest" time="0.018">
    <system-out><![CDATA[15:31:42.580 [main] ERROR com.oxyl.coursepfback.service.MapService -- Tentative de mise à jour d'une map avec un nombre de colonnes invalide: -1
]]></system-out>
  </testcase>
  <testcase name="createMap_withNullMap_shouldThrowValidationException" classname="com.oxyl.coursepfback.service.MapServiceTest" time="0.0">
    <system-out><![CDATA[15:31:42.580 [main] DEBUG com.oxyl.coursepfback.service.MapService -- Création d'une nouvelle map: null
15:31:42.580 [main] ERROR com.oxyl.coursepfback.service.MapService -- Tentative de création d'une map null
]]></system-out>
  </testcase>
  <testcase name="updateMap_withNullValues_shouldKeepExistingValues" classname="com.oxyl.coursepfback.service.MapServiceTest" time="0.015">
    <system-out><![CDATA[15:31:42.595 [main] INFO com.oxyl.coursepfback.service.MapService -- Map mise à jour avec succès: com.oxyl.coursepfback.model.MapModel@11c3ff67
]]></system-out>
  </testcase>
  <testcase name="deleteMap_withNullId_shouldThrowValidationException" classname="com.oxyl.coursepfback.service.MapServiceTest" time="0.0">
    <system-out><![CDATA[15:31:42.595 [main] DEBUG com.oxyl.coursepfback.service.MapService -- Suppression de la map avec l'id: null
15:31:42.595 [main] ERROR com.oxyl.coursepfback.service.MapService -- Tentative de suppression d'une map avec un id null
]]></system-out>
  </testcase>
  <testcase name="createMap_withInvalidColonne_shouldThrowValidationException" classname="com.oxyl.coursepfback.service.MapServiceTest" time="0.017">
    <system-out><![CDATA[15:31:42.611 [main] DEBUG com.oxyl.coursepfback.service.MapService -- Création d'une nouvelle map: com.oxyl.coursepfback.model.MapModel@65ddee5a
15:31:42.611 [main] ERROR com.oxyl.coursepfback.service.MapService -- Tentative de création d'une map avec un nombre de colonnes négatif: -1
]]></system-out>
  </testcase>
  <testcase name="createMap_withInvalidLigne_shouldThrowValidationException" classname="com.oxyl.coursepfback.service.MapServiceTest" time="0.004">
    <system-out><![CDATA[15:31:42.615 [main] DEBUG com.oxyl.coursepfback.service.MapService -- Création d'une nouvelle map: com.oxyl.coursepfback.model.MapModel@28bdbe88
15:31:42.615 [main] ERROR com.oxyl.coursepfback.service.MapService -- Tentative de création d'une map avec un nombre de lignes négatif: -1
]]></system-out>
  </testcase>
  <testcase name="getAllMaps_shouldReturnList" classname="com.oxyl.coursepfback.service.MapServiceTest" time="0.0">
    <system-out><![CDATA[15:31:42.617 [main] DEBUG com.oxyl.coursepfback.service.MapService -- Récupération de toutes les maps
15:31:42.617 [main] DEBUG com.oxyl.coursepfback.service.MapService -- 1 maps trouvées
]]></system-out>
  </testcase>
  <testcase name="updateMap_withNullCheminImage_shouldSucceed" classname="com.oxyl.coursepfback.service.MapServiceTest" time="0.0">
    <system-out><![CDATA[15:31:42.617 [main] INFO com.oxyl.coursepfback.service.MapService -- Map mise à jour avec succès: com.oxyl.coursepfback.model.MapModel@169268a7
]]></system-out>
  </testcase>
  <testcase name="createMap_shouldSucceed" classname="com.oxyl.coursepfback.service.MapServiceTest" time="0.012">
    <system-out><![CDATA[15:31:42.629 [main] DEBUG com.oxyl.coursepfback.service.MapService -- Création d'une nouvelle map: com.oxyl.coursepfback.model.MapModel@4d499d65
15:31:42.629 [main] INFO com.oxyl.coursepfback.service.MapService -- Map créée avec succès: com.oxyl.coursepfback.model.MapModel@4d499d65
]]></system-out>
  </testcase>
</testsuite>