<?xml version="1.0" encoding="UTF-8"?>
<testsuite xmlns:xsi="http://www.w3.org/2001/XMLSchema-instance" xsi:noNamespaceSchemaLocation="https://maven.apache.org/surefire/maven-surefire-plugin/xsd/surefire-test-report-3.0.xsd" version="3.0" name="com.oxyl.coursepfback.service.ZombieServiceTest" time="0.371" tests="44" errors="0" skipped="0" failures="0">
  <properties>
    <property name="java.specification.version" value="21"/>
    <property name="sun.cpu.isalist" value="amd64"/>
    <property name="sun.jnu.encoding" value="Cp1252"/>
    <property name="java.class.path" value="D:\Document\Etude sup\4A\JAVA\projet_pvz_fonctionnel\projet_pvz\target\test-classes;D:\Document\Etude sup\4A\JAVA\projet_pvz_fonctionnel\projet_pvz\target\classes;C:\Users\melin\.m2\repository\org\springframework\spring-webmvc\6.2.2\spring-webmvc-6.2.2.jar;C:\Users\melin\.m2\repository\org\springframework\spring-aop\6.2.2\spring-aop-6.2.2.jar;C:\Users\melin\.m2\repository\org\springframework\spring-beans\6.2.2\spring-beans-6.2.2.jar;C:\Users\melin\.m2\repository\org\springframework\spring-context\6.2.2\spring-context-6.2.2.jar;C:\Users\melin\.m2\repository\io\micrometer\micrometer-observation\1.14.3\micrometer-observation-1.14.3.jar;C:\Users\melin\.m2\repository\io\micrometer\micrometer-commons\1.14.3\micrometer-commons-1.14.3.jar;C:\Users\melin\.m2\repository\org\springframework\spring-core\6.2.2\spring-core-6.2.2.jar;C:\Users\melin\.m2\repository\org\springframework\spring-jcl\6.2.2\spring-jcl-6.2.2.jar;C:\Users\melin\.m2\repository\org\springframework\spring-expression\6.2.2\spring-expression-6.2.2.jar;C:\Users\melin\.m2\repository\org\springframework\spring-web\6.2.2\spring-web-6.2.2.jar;C:\Users\melin\.m2\repository\org\springframework\spring-jdbc\6.1.13\spring-jdbc-6.1.13.jar;C:\Users\melin\.m2\repository\org\springframework\spring-tx\6.1.13\spring-tx-6.1.13.jar;C:\Users\melin\.m2\repository\com\mysql\mysql-connector-j\8.0.33\mysql-connector-j-8.0.33.jar;C:\Users\melin\.m2\repository\com\google\protobuf\protobuf-java\3.21.9\protobuf-java-3.21.9.jar;C:\Users\melin\.m2\repository\com\fasterxml\jackson\core\jackson-databind\2.18.2\jackson-databind-2.18.2.jar;C:\Users\melin\.m2\repository\com\fasterxml\jackson\core\jackson-annotations\2.18.2\jackson-annotations-2.18.2.jar;C:\Users\melin\.m2\repository\com\fasterxml\jackson\core\jackson-core\2.18.2\jackson-core-2.18.2.jar;C:\Users\melin\.m2\repository\jakarta\servlet\jakarta.servlet-api\6.1.0\jakarta.servlet-api-6.1.0.jar;C:\Users\melin\.m2\repository\ch\qos\logback\logback-classic\1.5.16\logback-classic-1.5.16.jar;C:\Users\melin\.m2\repository\ch\qos\logback\logback-core\1.5.16\logback-core-1.5.16.jar;C:\Users\melin\.m2\repository\org\slf4j\slf4j-api\2.0.16\slf4j-api-2.0.16.jar;C:\Users\melin\.m2\repository\org\junit\jupiter\junit-jupiter\5.10.1\junit-jupiter-5.10.1.jar;C:\Users\melin\.m2\repository\org\junit\jupiter\junit-jupiter-api\5.10.1\junit-jupiter-api-5.10.1.jar;C:\Users\melin\.m2\repository\org\opentest4j\opentest4j\1.3.0\opentest4j-1.3.0.jar;C:\Users\melin\.m2\repository\org\junit\platform\junit-platform-commons\1.10.1\junit-platform-commons-1.10.1.jar;C:\Users\melin\.m2\repository\org\apiguardian\apiguardian-api\1.1.2\apiguardian-api-1.1.2.jar;C:\Users\melin\.m2\repository\org\junit\jupiter\junit-jupiter-params\5.10.1\junit-jupiter-params-5.10.1.jar;C:\Users\melin\.m2\repository\org\junit\jupiter\junit-jupiter-engine\5.10.1\junit-jupiter-engine-5.10.1.jar;C:\Users\melin\.m2\repository\org\junit\platform\junit-platform-engine\1.10.1\junit-platform-engine-1.10.1.jar;C:\Users\melin\.m2\repository\org\mockito\mockito-core\5.7.0\mockito-core-5.7.0.jar;C:\Users\melin\.m2\repository\net\bytebuddy\byte-buddy\1.14.9\byte-buddy-1.14.9.jar;C:\Users\melin\.m2\repository\net\bytebuddy\byte-buddy-agent\1.14.9\byte-buddy-agent-1.14.9.jar;C:\Users\melin\.m2\repository\org\objenesis\objenesis\3.3\objenesis-3.3.jar;C:\Users\melin\.m2\repository\org\mockito\mockito-junit-jupiter\5.7.0\mockito-junit-jupiter-5.7.0.jar;"/>
    <property name="java.vm.vendor" value="Oracle Corporation"/>
    <property name="sun.arch.data.model" value="64"/>
    <property name="user.variant" value=""/>
    <property name="java.vendor.url" value="https://java.oracle.com/"/>
    <property name="user.timezone" value="Europe/Paris"/>
    <property name="os.name" value="Windows 11"/>
    <property name="java.vm.specification.version" value="21"/>
    <property name="sun.java.launcher" value="SUN_STANDARD"/>
    <property name="user.country" value="FR"/>
    <property name="sun.boot.library.path" value="C:\Program Files\Java\jdk-21\bin"/>
    <property name="sun.java.command" value="C:\Users\melin\AppData\Local\Temp\surefire7173082785409840119\surefirebooter-20250427150930829_3.jar C:\Users\melin\AppData\Local\Temp\surefire7173082785409840119 2025-04-27T15-09-30_616-jvmRun1 surefire-20250427150930829_1tmp surefire_0-20250427150930829_2tmp"/>
    <property name="jdk.debug" value="release"/>
    <property name="surefire.test.class.path" value="D:\Document\Etude sup\4A\JAVA\projet_pvz_fonctionnel\projet_pvz\target\test-classes;D:\Document\Etude sup\4A\JAVA\projet_pvz_fonctionnel\projet_pvz\target\classes;C:\Users\melin\.m2\repository\org\springframework\spring-webmvc\6.2.2\spring-webmvc-6.2.2.jar;C:\Users\melin\.m2\repository\org\springframework\spring-aop\6.2.2\spring-aop-6.2.2.jar;C:\Users\melin\.m2\repository\org\springframework\spring-beans\6.2.2\spring-beans-6.2.2.jar;C:\Users\melin\.m2\repository\org\springframework\spring-context\6.2.2\spring-context-6.2.2.jar;C:\Users\melin\.m2\repository\io\micrometer\micrometer-observation\1.14.3\micrometer-observation-1.14.3.jar;C:\Users\melin\.m2\repository\io\micrometer\micrometer-commons\1.14.3\micrometer-commons-1.14.3.jar;C:\Users\melin\.m2\repository\org\springframework\spring-core\6.2.2\spring-core-6.2.2.jar;C:\Users\melin\.m2\repository\org\springframework\spring-jcl\6.2.2\spring-jcl-6.2.2.jar;C:\Users\melin\.m2\repository\org\springframework\spring-expression\6.2.2\spring-expression-6.2.2.jar;C:\Users\melin\.m2\repository\org\springframework\spring-web\6.2.2\spring-web-6.2.2.jar;C:\Users\melin\.m2\repository\org\springframework\spring-jdbc\6.1.13\spring-jdbc-6.1.13.jar;C:\Users\melin\.m2\repository\org\springframework\spring-tx\6.1.13\spring-tx-6.1.13.jar;C:\Users\melin\.m2\repository\com\mysql\mysql-connector-j\8.0.33\mysql-connector-j-8.0.33.jar;C:\Users\melin\.m2\repository\com\google\protobuf\protobuf-java\3.21.9\protobuf-java-3.21.9.jar;C:\Users\melin\.m2\repository\com\fasterxml\jackson\core\jackson-databind\2.18.2\jackson-databind-2.18.2.jar;C:\Users\melin\.m2\repository\com\fasterxml\jackson\core\jackson-annotations\2.18.2\jackson-annotations-2.18.2.jar;C:\Users\melin\.m2\repository\com\fasterxml\jackson\core\jackson-core\2.18.2\jackson-core-2.18.2.jar;C:\Users\melin\.m2\repository\jakarta\servlet\jakarta.servlet-api\6.1.0\jakarta.servlet-api-6.1.0.jar;C:\Users\melin\.m2\repository\ch\qos\logback\logback-classic\1.5.16\logback-classic-1.5.16.jar;C:\Users\melin\.m2\repository\ch\qos\logback\logback-core\1.5.16\logback-core-1.5.16.jar;C:\Users\melin\.m2\repository\org\slf4j\slf4j-api\2.0.16\slf4j-api-2.0.16.jar;C:\Users\melin\.m2\repository\org\junit\jupiter\junit-jupiter\5.10.1\junit-jupiter-5.10.1.jar;C:\Users\melin\.m2\repository\org\junit\jupiter\junit-jupiter-api\5.10.1\junit-jupiter-api-5.10.1.jar;C:\Users\melin\.m2\repository\org\opentest4j\opentest4j\1.3.0\opentest4j-1.3.0.jar;C:\Users\melin\.m2\repository\org\junit\platform\junit-platform-commons\1.10.1\junit-platform-commons-1.10.1.jar;C:\Users\melin\.m2\repository\org\apiguardian\apiguardian-api\1.1.2\apiguardian-api-1.1.2.jar;C:\Users\melin\.m2\repository\org\junit\jupiter\junit-jupiter-params\5.10.1\junit-jupiter-params-5.10.1.jar;C:\Users\melin\.m2\repository\org\junit\jupiter\junit-jupiter-engine\5.10.1\junit-jupiter-engine-5.10.1.jar;C:\Users\melin\.m2\repository\org\junit\platform\junit-platform-engine\1.10.1\junit-platform-engine-1.10.1.jar;C:\Users\melin\.m2\repository\org\mockito\mockito-core\5.7.0\mockito-core-5.7.0.jar;C:\Users\melin\.m2\repository\net\bytebuddy\byte-buddy\1.14.9\byte-buddy-1.14.9.jar;C:\Users\melin\.m2\repository\net\bytebuddy\byte-buddy-agent\1.14.9\byte-buddy-agent-1.14.9.jar;C:\Users\melin\.m2\repository\org\objenesis\objenesis\3.3\objenesis-3.3.jar;C:\Users\melin\.m2\repository\org\mockito\mockito-junit-jupiter\5.7.0\mockito-junit-jupiter-5.7.0.jar;"/>
    <property name="sun.cpu.endian" value="little"/>
    <property name="user.home" value="C:\Users\melin"/>
    <property name="user.language" value="fr"/>
    <property name="java.specification.vendor" value="Oracle Corporation"/>
    <property name="java.version.date" value="2024-04-16"/>
    <property name="java.home" value="C:\Program Files\Java\jdk-21"/>
    <property name="file.separator" value="\"/>
    <property name="basedir" value="D:\Document\Etude sup\4A\JAVA\projet_pvz_fonctionnel\projet_pvz"/>
    <property name="java.vm.compressedOopsMode" value="32-bit"/>
    <property name="line.separator" value="&#10;"/>
    <property name="java.vm.specification.vendor" value="Oracle Corporation"/>
    <property name="java.specification.name" value="Java Platform API Specification"/>
    <property name="surefire.real.class.path" value="C:\Users\melin\AppData\Local\Temp\surefire7173082785409840119\surefirebooter-20250427150930829_3.jar"/>
    <property name="user.script" value=""/>
    <property name="sun.management.compiler" value="HotSpot 64-Bit Tiered Compilers"/>
    <property name="java.runtime.version" value="21.0.3+7-LTS-152"/>
    <property name="user.name" value="melin"/>
    <property name="stdout.encoding" value="Cp1252"/>
    <property name="path.separator" value=";"/>
    <property name="os.version" value="10.0"/>
    <property name="java.runtime.name" value="Java(TM) SE Runtime Environment"/>
    <property name="file.encoding" value="UTF-8"/>
    <property name="java.vm.name" value="Java HotSpot(TM) 64-Bit Server VM"/>
    <property name="localRepository" value="C:\Users\melin\.m2\repository"/>
    <property name="java.vendor.url.bug" value="https://bugreport.java.com/bugreport/"/>
    <property name="java.io.tmpdir" value="C:\Users\melin\AppData\Local\Temp\"/>
    <property name="java.version" value="21.0.3"/>
    <property name="user.dir" value="D:\Document\Etude sup\4A\JAVA\projet_pvz_fonctionnel\projet_pvz"/>
    <property name="os.arch" value="amd64"/>
    <property name="java.vm.specification.name" value="Java Virtual Machine Specification"/>
    <property name="sun.os.patch.level" value=""/>
    <property name="native.encoding" value="Cp1252"/>
    <property name="java.library.path" value="C:\Program Files\Java\jdk-21\bin;C:\WINDOWS\Sun\Java\bin;C:\WINDOWS\system32;C:\WINDOWS;C:\Program Files\Python313\Scripts\;C:\Program Files\Python313\;C:\Program Files\Common Files\Oracle\Java\javapath;C:\WINDOWS\system32;C:\WINDOWS;C:\WINDOWS\System32\Wbem;C:\WINDOWS\System32\WindowsPowerShell\v1.0\;C:\WINDOWS\System32\OpenSSH\;C:\Program Files\Git\cmd;C:\ProgramData\ComposerSetup\bin;C:\Program Files\apache-tomcat-10.1.36\apache-tomcat-10.1.36\bin;D:\bin;C:\Users\melin\AppData\Local\nvm;C:\nvm4w\nodejs;C:\Program Files\nodejs\node.exe;C:\Program Files\nodejs\;D:\Applications min\symfony-cli_windows_amd64;C:\Program Files\MAMP\bin\php\php8.3.1;C:\Program Files\Docker\Docker\resources\bin;C:\Program Files\dotnet\;C:\Python;C:\Program Files\apache-maven-3.9.9\bin;C:\Users\melin\AppData\Local\Programs\Python\Launcher\;C:\Users\melin\AppData\Local\Microsoft\WindowsApps;C:\Users\melin\AppData\Local\Programs\Microsoft VS Code\bin;C:\Users\melin\OneDrive\Documents\IntelliJ IDEA 2024.3.2.1\bin;;C:\Program Files\Java\jdk-21\bin;C:\Program Files\MySQL\MySQL Server 8.0\bin;C:\Program Files\apache-maven-3.9.9\bin;C:\Users\melin\AppData\Roaming\Composer\vendor\bin;C:\Users\melin\go\bin;C:\Users\melin\AppData\Local\nvm;C:\nvm4w\nodejs;C:\Users\melin\AppData\Roaming\npm;C:\Program Files\nodejs\node.exe;C:\nvm4w\nodejs;C:\ProgramData\cursor\resources\app\bin;."/>
    <property name="java.vm.info" value="mixed mode, sharing"/>
    <property name="stderr.encoding" value="Cp1252"/>
    <property name="java.vendor" value="Oracle Corporation"/>
    <property name="java.vm.version" value="21.0.3+7-LTS-152"/>
    <property name="sun.io.unicode.encoding" value="UnicodeLittle"/>
    <property name="java.class.version" value="65.0"/>
  </properties>
  <testcase name="createZombie_withNullIdMap_shouldThrowValidationException" classname="com.oxyl.coursepfback.service.ZombieServiceTest" time="0.043">
    <system-out><![CDATA[15:09:36.643 [main] DEBUG com.oxyl.coursepfback.service.ZombieService -- Création d'un nouveau zombie: com.oxyl.coursepfback.model.ZombieModel@532e27ab
15:09:36.643 [main] ERROR com.oxyl.coursepfback.service.ZombieService -- Tentative de création d'un zombie sans id de map
]]></system-out>
  </testcase>
  <testcase name="createZombie_withInvalidAttaqueParSeconde_shouldThrowValidationException" classname="com.oxyl.coursepfback.service.ZombieServiceTest" time="0.0">
    <system-out><![CDATA[15:09:36.643 [main] DEBUG com.oxyl.coursepfback.service.ZombieService -- Création d'un nouveau zombie: com.oxyl.coursepfback.model.ZombieModel@490c7a83
15:09:36.643 [main] ERROR com.oxyl.coursepfback.service.ZombieService -- Tentative de création d'un zombie avec une attaque par seconde négative: -1.0
]]></system-out>
  </testcase>
  <testcase name="createZombie_withNullNom_shouldThrowValidationException" classname="com.oxyl.coursepfback.service.ZombieServiceTest" time="0.018">
    <system-out><![CDATA[15:09:36.661 [main] DEBUG com.oxyl.coursepfback.service.ZombieService -- Création d'un nouveau zombie: com.oxyl.coursepfback.model.ZombieModel@61ab89b0
15:09:36.661 [main] ERROR com.oxyl.coursepfback.service.ZombieService -- Tentative de création d'un zombie avec un nom vide
]]></system-out>
  </testcase>
  <testcase name="createZombie_shouldSucceed" classname="com.oxyl.coursepfback.service.ZombieServiceTest" time="0.0">
    <system-out><![CDATA[15:09:36.661 [main] DEBUG com.oxyl.coursepfback.service.ZombieService -- Création d'un nouveau zombie: com.oxyl.coursepfback.model.ZombieModel@51b01550
15:09:36.661 [main] INFO com.oxyl.coursepfback.service.ZombieService -- Zombie créé avec succès: com.oxyl.coursepfback.model.ZombieModel@51b01550
]]></system-out>
  </testcase>
  <testcase name="updateZombie_withNullValues_shouldKeepExistingValues" classname="com.oxyl.coursepfback.service.ZombieServiceTest" time="0.0">
    <system-out><![CDATA[15:09:36.661 [main] INFO com.oxyl.coursepfback.service.ZombieService -- Zombie mis à jour avec succès: com.oxyl.coursepfback.model.ZombieModel@1921994e
]]></system-out>
  </testcase>
  <testcase name="getZombiesByMapId_withEmptyList_shouldReturnEmptyList" classname="com.oxyl.coursepfback.service.ZombieServiceTest" time="0.018">
    <system-out><![CDATA[15:09:36.679 [main] DEBUG com.oxyl.coursepfback.service.ZombieService -- Récupération des zombies de la map avec l'id: 1
15:09:36.679 [main] DEBUG com.oxyl.coursepfback.service.ZombieService -- 0 zombies trouvés pour la map 1
]]></system-out>
  </testcase>
  <testcase name="updateZombie_withNonExistentMap_shouldThrowValidationException" classname="com.oxyl.coursepfback.service.ZombieServiceTest" time="0.0">
    <system-out><![CDATA[15:09:36.679 [main] ERROR com.oxyl.coursepfback.service.ZombieService -- Tentative de mise à jour d'un zombie avec une map inexistante: 1
]]></system-out>
  </testcase>
  <testcase name="createZombie_withInvalidPointsDeVie_shouldThrowValidationException" classname="com.oxyl.coursepfback.service.ZombieServiceTest" time="0.017">
    <system-out><![CDATA[15:09:36.679 [main] DEBUG com.oxyl.coursepfback.service.ZombieService -- Création d'un nouveau zombie: com.oxyl.coursepfback.model.ZombieModel@63a28987
15:09:36.679 [main] ERROR com.oxyl.coursepfback.service.ZombieService -- Tentative de création d'un zombie avec des points de vie négatifs: -1
]]></system-out>
  </testcase>
  <testcase name="updateZombie_shouldSucceed" classname="com.oxyl.coursepfback.service.ZombieServiceTest" time="0.008">
    <system-out><![CDATA[15:09:36.704 [main] INFO com.oxyl.coursepfback.service.ZombieService -- Zombie mis à jour avec succès: com.oxyl.coursepfback.model.ZombieModel@410ae5ac
]]></system-out>
  </testcase>
  <testcase name="updateZombie_withInvalidAttaqueParSeconde_shouldThrowValidationException" classname="com.oxyl.coursepfback.service.ZombieServiceTest" time="0.007">
    <system-out><![CDATA[15:09:36.712 [main] ERROR com.oxyl.coursepfback.service.ZombieService -- Tentative de mise à jour d'un zombie avec une attaque par seconde invalide: -1.0
]]></system-out>
  </testcase>
  <testcase name="getZombie_shouldReturnZombie" classname="com.oxyl.coursepfback.service.ZombieServiceTest" time="0.003">
    <system-out><![CDATA[15:09:36.717 [main] DEBUG com.oxyl.coursepfback.service.ZombieService -- Récupération du zombie avec l'id: 1
15:09:36.717 [main] DEBUG com.oxyl.coursepfback.service.ZombieService -- Zombie trouvé: com.oxyl.coursepfback.model.ZombieModel@541179e7
]]></system-out>
  </testcase>
  <testcase name="createZombie_withNonExistentMap_shouldThrowValidationException" classname="com.oxyl.coursepfback.service.ZombieServiceTest" time="0.013">
    <system-out><![CDATA[15:09:36.728 [main] DEBUG com.oxyl.coursepfback.service.ZombieService -- Création d'un nouveau zombie: com.oxyl.coursepfback.model.ZombieModel@15d42ccb
15:09:36.729 [main] ERROR com.oxyl.coursepfback.service.ZombieService -- Tentative de création d'un zombie avec une map inexistante: 1
]]></system-out>
  </testcase>
  <testcase name="updateZombie_withNullZombie_shouldThrowValidationException" classname="com.oxyl.coursepfback.service.ZombieServiceTest" time="0.006">
    <system-out><![CDATA[15:09:36.730 [main] ERROR com.oxyl.coursepfback.service.ZombieService -- Tentative de mise à jour d'un zombie null
]]></system-out>
  </testcase>
  <testcase name="createZombie_withNullCheminImage_shouldThrowValidationException" classname="com.oxyl.coursepfback.service.ZombieServiceTest" time="0.0">
    <system-out><![CDATA[15:09:36.736 [main] DEBUG com.oxyl.coursepfback.service.ZombieService -- Création d'un nouveau zombie: com.oxyl.coursepfback.model.ZombieModel@4bd5849e
15:09:36.736 [main] ERROR com.oxyl.coursepfback.service.ZombieService -- Tentative de création d'un zombie avec un chemin d'image vide
]]></system-out>
  </testcase>
  <testcase name="getZombie_withValidId_shouldReturnZombie" classname="com.oxyl.coursepfback.service.ZombieServiceTest" time="0.012">
    <system-out><![CDATA[15:09:36.748 [main] DEBUG com.oxyl.coursepfback.service.ZombieService -- Récupération du zombie avec l'id: 1
15:09:36.748 [main] DEBUG com.oxyl.coursepfback.service.ZombieService -- Zombie trouvé: com.oxyl.coursepfback.model.ZombieModel@526b2f3e
]]></system-out>
  </testcase>
  <testcase name="deleteZombie_withZombieInMap_shouldDeleteZombie" classname="com.oxyl.coursepfback.service.ZombieServiceTest" time="0.0">
    <system-out><![CDATA[15:09:36.748 [main] DEBUG com.oxyl.coursepfback.service.ZombieService -- Suppression du zombie avec l'id: 1
15:09:36.748 [main] INFO com.oxyl.coursepfback.service.ZombieService -- Zombie supprimé avec succès: com.oxyl.coursepfback.model.ZombieModel@17947e6d
]]></system-out>
  </testcase>
  <testcase name="createZombie_withMaxPointsDeVie_shouldSucceed" classname="com.oxyl.coursepfback.service.ZombieServiceTest" time="0.014">
    <system-out><![CDATA[15:09:36.761 [main] DEBUG com.oxyl.coursepfback.service.ZombieService -- Création d'un nouveau zombie: com.oxyl.coursepfback.model.ZombieModel@1d247525
15:09:36.761 [main] INFO com.oxyl.coursepfback.service.ZombieService -- Zombie créé avec succès: com.oxyl.coursepfback.model.ZombieModel@1d247525
]]></system-out>
  </testcase>
  <testcase name="deleteZombie_shouldSucceed" classname="com.oxyl.coursepfback.service.ZombieServiceTest" time="0.0">
    <system-out><![CDATA[15:09:36.764 [main] DEBUG com.oxyl.coursepfback.service.ZombieService -- Suppression du zombie avec l'id: 1
15:09:36.764 [main] INFO com.oxyl.coursepfback.service.ZombieService -- Zombie supprimé avec succès: com.oxyl.coursepfback.model.ZombieModel@32fa809f
]]></system-out>
  </testcase>
  <testcase name="getZombiesByMapId_shouldReturnList" classname="com.oxyl.coursepfback.service.ZombieServiceTest" time="0.0">
    <system-out><![CDATA[15:09:36.764 [main] DEBUG com.oxyl.coursepfback.service.ZombieService -- Récupération des zombies de la map avec l'id: 1
15:09:36.764 [main] DEBUG com.oxyl.coursepfback.service.ZombieService -- 1 zombies trouvés pour la map 1
]]></system-out>
  </testcase>
  <testcase name="createZombie_withMaxAttaqueParSeconde_shouldSucceed" classname="com.oxyl.coursepfback.service.ZombieServiceTest" time="0.009">
    <system-out><![CDATA[15:09:36.783 [main] DEBUG com.oxyl.coursepfback.service.ZombieService -- Création d'un nouveau zombie: com.oxyl.coursepfback.model.ZombieModel@a5bbaec
15:09:36.784 [main] INFO com.oxyl.coursepfback.service.ZombieService -- Zombie créé avec succès: com.oxyl.coursepfback.model.ZombieModel@a5bbaec
]]></system-out>
  </testcase>
  <testcase name="createZombie_withMaxDegatAttaque_shouldSucceed" classname="com.oxyl.coursepfback.service.ZombieServiceTest" time="0.005">
    <system-out><![CDATA[15:09:36.790 [main] DEBUG com.oxyl.coursepfback.service.ZombieService -- Création d'un nouveau zombie: com.oxyl.coursepfback.model.ZombieModel@6468a7b6
15:09:36.790 [main] INFO com.oxyl.coursepfback.service.ZombieService -- Zombie créé avec succès: com.oxyl.coursepfback.model.ZombieModel@6468a7b6
]]></system-out>
  </testcase>
  <testcase name="deleteZombie_withNullId_shouldThrowValidationException" classname="com.oxyl.coursepfback.service.ZombieServiceTest" time="0.005">
    <system-out><![CDATA[15:09:36.797 [main] DEBUG com.oxyl.coursepfback.service.ZombieService -- Suppression du zombie avec l'id: null
15:09:36.797 [main] ERROR com.oxyl.coursepfback.service.ZombieService -- Tentative de suppression d'un zombie avec un id null
]]></system-out>
  </testcase>
  <testcase name="getAllZombies_shouldReturnList" classname="com.oxyl.coursepfback.service.ZombieServiceTest" time="0.0">
    <system-out><![CDATA[15:09:36.797 [main] DEBUG com.oxyl.coursepfback.service.ZombieService -- Récupération de tous les zombies
15:09:36.797 [main] DEBUG com.oxyl.coursepfback.service.ZombieService -- 1 zombies trouvés
]]></system-out>
  </testcase>
  <testcase name="getAllZombies_withEmptyList_shouldReturnEmptyList" classname="com.oxyl.coursepfback.service.ZombieServiceTest" time="0.015">
    <system-out><![CDATA[15:09:36.812 [main] DEBUG com.oxyl.coursepfback.service.ZombieService -- Récupération de tous les zombies
15:09:36.812 [main] DEBUG com.oxyl.coursepfback.service.ZombieService -- 0 zombies trouvés
]]></system-out>
  </testcase>
  <testcase name="getZombie_withNullId_shouldThrowValidationException" classname="com.oxyl.coursepfback.service.ZombieServiceTest" time="0.0">
    <system-out><![CDATA[15:09:36.812 [main] DEBUG com.oxyl.coursepfback.service.ZombieService -- Récupération du zombie avec l'id: null
15:09:36.812 [main] ERROR com.oxyl.coursepfback.service.ZombieService -- Tentative de récupération d'un zombie avec un id null
]]></system-out>
  </testcase>
  <testcase name="updateZombie_withNullIdMap_shouldSucceed" classname="com.oxyl.coursepfback.service.ZombieServiceTest" time="0.02">
    <system-out><![CDATA[15:09:36.832 [main] INFO com.oxyl.coursepfback.service.ZombieService -- Zombie mis à jour avec succès: com.oxyl.coursepfback.model.ZombieModel@462e1e64
]]></system-out>
  </testcase>
  <testcase name="createZombie_withEmptyCheminImage_shouldThrowValidationException" classname="com.oxyl.coursepfback.service.ZombieServiceTest" time="0.0">
    <system-out><![CDATA[15:09:36.836 [main] DEBUG com.oxyl.coursepfback.service.ZombieService -- Création d'un nouveau zombie: com.oxyl.coursepfback.model.ZombieModel@2f9a4401
15:09:36.836 [main] ERROR com.oxyl.coursepfback.service.ZombieService -- Tentative de création d'un zombie avec un chemin d'image vide
]]></system-out>
  </testcase>
  <testcase name="createZombie_withNullZombie_shouldThrowValidationException" classname="com.oxyl.coursepfback.service.ZombieServiceTest" time="0.01">
    <system-out><![CDATA[15:09:36.846 [main] DEBUG com.oxyl.coursepfback.service.ZombieService -- Création d'un nouveau zombie: null
15:09:36.846 [main] ERROR com.oxyl.coursepfback.service.ZombieService -- Tentative de création d'un zombie null
]]></system-out>
  </testcase>
  <testcase name="createZombie_withInvalidDegatAttaque_shouldThrowValidationException" classname="com.oxyl.coursepfback.service.ZombieServiceTest" time="0.0">
    <system-out><![CDATA[15:09:36.846 [main] DEBUG com.oxyl.coursepfback.service.ZombieService -- Création d'un nouveau zombie: com.oxyl.coursepfback.model.ZombieModel@18371d89
15:09:36.846 [main] ERROR com.oxyl.coursepfback.service.ZombieService -- Tentative de création d'un zombie avec des dégâts d'attaque négatifs: -10
]]></system-out>
  </testcase>
  <testcase name="createZombie_withInvalidMapId_shouldThrowValidationException" classname="com.oxyl.coursepfback.service.ZombieServiceTest" time="0.0">
    <system-out><![CDATA[15:09:36.846 [main] DEBUG com.oxyl.coursepfback.service.ZombieService -- Création d'un nouveau zombie: com.oxyl.coursepfback.model.ZombieModel@37baddde
15:09:36.846 [main] ERROR com.oxyl.coursepfback.service.ZombieService -- Tentative de création d'un zombie sans id de map
]]></system-out>
  </testcase>
  <testcase name="getZombiesByMapId_withNonExistentMap_shouldThrowValidationException" classname="com.oxyl.coursepfback.service.ZombieServiceTest" time="0.003">
    <system-out><![CDATA[15:09:36.862 [main] DEBUG com.oxyl.coursepfback.service.ZombieService -- Récupération des zombies de la map avec l'id: 1
15:09:36.862 [main] ERROR com.oxyl.coursepfback.service.ZombieService -- Tentative de récupération des zombies d'une map inexistante: 1
]]></system-out>
  </testcase>
  <testcase name="getZombiesByMapId_withValidMap_shouldReturnZombies" classname="com.oxyl.coursepfback.service.ZombieServiceTest" time="0.0">
    <system-out><![CDATA[15:09:36.862 [main] DEBUG com.oxyl.coursepfback.service.ZombieService -- Récupération des zombies de la map avec l'id: 1
15:09:36.862 [main] DEBUG com.oxyl.coursepfback.service.ZombieService -- 1 zombies trouvés pour la map 1
]]></system-out>
  </testcase>
  <testcase name="createZombie_withMaxVitesseDeplacement_shouldSucceed" classname="com.oxyl.coursepfback.service.ZombieServiceTest" time="0.015">
    <system-out><![CDATA[15:09:36.876 [main] DEBUG com.oxyl.coursepfback.service.ZombieService -- Création d'un nouveau zombie: com.oxyl.coursepfback.model.ZombieModel@63d5874f
15:09:36.876 [main] INFO com.oxyl.coursepfback.service.ZombieService -- Zombie créé avec succès: com.oxyl.coursepfback.model.ZombieModel@63d5874f
]]></system-out>
  </testcase>
  <testcase name="updateZombie_withNonExistentId_shouldThrowNotFoundException" classname="com.oxyl.coursepfback.service.ZombieServiceTest" time="0.0">
    <system-out><![CDATA[15:09:36.879 [main] ERROR com.oxyl.coursepfback.service.ZombieService -- Tentative de mise à jour d'un zombie inexistant avec l'id: 1
]]></system-out>
  </testcase>
  <testcase name="deleteZombie_withNonExistentId_shouldThrowNotFoundException" classname="com.oxyl.coursepfback.service.ZombieServiceTest" time="0.0">
    <system-out><![CDATA[15:09:36.879 [main] DEBUG com.oxyl.coursepfback.service.ZombieService -- Suppression du zombie avec l'id: 1
15:09:36.879 [main] ERROR com.oxyl.coursepfback.service.ZombieService -- Tentative de suppression d'un zombie inexistant avec l'id: 1
]]></system-out>
  </testcase>
  <testcase name="updateZombie_withNullCheminImage_shouldSucceed" classname="com.oxyl.coursepfback.service.ZombieServiceTest" time="0.016">
    <system-out><![CDATA[15:09:36.895 [main] INFO com.oxyl.coursepfback.service.ZombieService -- Zombie mis à jour avec succès: com.oxyl.coursepfback.model.ZombieModel@1b6924cb
]]></system-out>
  </testcase>
  <testcase name="createZombie_withEmptyNom_shouldThrowValidationException" classname="com.oxyl.coursepfback.service.ZombieServiceTest" time="0.0">
    <system-out><![CDATA[15:09:36.895 [main] DEBUG com.oxyl.coursepfback.service.ZombieService -- Création d'un nouveau zombie: com.oxyl.coursepfback.model.ZombieModel@135a8c6f
15:09:36.895 [main] ERROR com.oxyl.coursepfback.service.ZombieService -- Tentative de création d'un zombie avec un nom vide
]]></system-out>
  </testcase>
  <testcase name="updateZombie_withPartialUpdate_shouldUpdateOnlySpecifiedFields" classname="com.oxyl.coursepfback.service.ZombieServiceTest" time="0.017">
    <system-out><![CDATA[15:09:36.911 [main] INFO com.oxyl.coursepfback.service.ZombieService -- Zombie mis à jour avec succès: com.oxyl.coursepfback.model.ZombieModel@68ed3f30
]]></system-out>
  </testcase>
  <testcase name="createZombie_withInvalidVitesseDeplacement_shouldThrowValidationException" classname="com.oxyl.coursepfback.service.ZombieServiceTest" time="0.002">
    <system-out><![CDATA[15:09:36.915 [main] DEBUG com.oxyl.coursepfback.service.ZombieService -- Création d'un nouveau zombie: com.oxyl.coursepfback.model.ZombieModel@58015e56
15:09:36.915 [main] ERROR com.oxyl.coursepfback.service.ZombieService -- Tentative de création d'un zombie avec une vitesse de déplacement négative: -1.0
]]></system-out>
  </testcase>
  <testcase name="updateZombie_withPartialUpdate_shouldSucceed" classname="com.oxyl.coursepfback.service.ZombieServiceTest" time="0.014">
    <system-out><![CDATA[15:09:36.927 [main] INFO com.oxyl.coursepfback.service.ZombieService -- Zombie mis à jour avec succès: com.oxyl.coursepfback.model.ZombieModel@6cbe7d4d
]]></system-out>
  </testcase>
  <testcase name="updateZombie_withNullNom_shouldSucceed" classname="com.oxyl.coursepfback.service.ZombieServiceTest" time="0.007">
    <system-out><![CDATA[15:09:36.936 [main] INFO com.oxyl.coursepfback.service.ZombieService -- Zombie mis à jour avec succès: com.oxyl.coursepfback.model.ZombieModel@4ee25d80
]]></system-out>
  </testcase>
  <testcase name="getZombie_withNonExistentId_shouldThrowNotFoundException" classname="com.oxyl.coursepfback.service.ZombieServiceTest" time="0.01">
    <system-out><![CDATA[15:09:36.942 [main] DEBUG com.oxyl.coursepfback.service.ZombieService -- Récupération du zombie avec l'id: 1
15:09:36.944 [main] ERROR com.oxyl.coursepfback.service.ZombieService -- Zombie non trouvé avec l'id: 1
]]></system-out>
  </testcase>
  <testcase name="updateZombie_withInvalidDegatAttaque_shouldThrowValidationException" classname="com.oxyl.coursepfback.service.ZombieServiceTest" time="0.0">
    <system-out><![CDATA[15:09:36.948 [main] ERROR com.oxyl.coursepfback.service.ZombieService -- Tentative de mise à jour d'un zombie avec des dégâts d'attaque invalides: -10
]]></system-out>
  </testcase>
  <testcase name="updateZombie_withInvalidVitesseDeplacement_shouldThrowValidationException" classname="com.oxyl.coursepfback.service.ZombieServiceTest" time="0.009">
    <system-out><![CDATA[15:09:36.969 [main] ERROR com.oxyl.coursepfback.service.ZombieService -- Tentative de mise à jour d'un zombie avec une vitesse de déplacement invalide: -1.0
]]></system-out>
  </testcase>
</testsuite>